Flow report for LED_CNT
Thu May 28 21:32:50 2015
Quartus II 64-Bit Version 14.0.0 Build 200 06/17/2014 SJ Full Version


---------------------
; Table of Contents ;
---------------------
  1. Legal Notice
  2. Flow Summary
  3. Flow Settings
  4. Flow Non-Default Global Settings
  5. Flow Elapsed Time
  6. Flow OS Summary
  7. Flow Log
  8. Flow Messages
  9. Flow Suppressed Messages



----------------
; Legal Notice ;
----------------
Copyright (C) 1991-2014 Altera Corporation. All rights reserved.
Your use of Altera Corporation's design tools, logic functions 
and other software and tools, and its AMPP partner logic 
functions, and any output files from any of the foregoing 
(including device programming or simulation files), and any 
associated documentation or information are expressly subject 
to the terms and conditions of the Altera Program License 
Subscription Agreement, the Altera Quartus II License Agreement,
the Altera MegaCore Function License Agreement, or other 
applicable license agreement, including, without limitation, 
that your use is for the sole purpose of programming logic 
devices manufactured by Altera and sold by Altera or its 
authorized distributors.  Please refer to the applicable 
agreement for further details.



+----------------------------------------------------------------------------------+
; Flow Summary                                                                     ;
+------------------------------------+---------------------------------------------+
; Flow Status                        ; Successful - Thu May 28 21:32:50 2015       ;
; Quartus II 64-Bit Version          ; 14.0.0 Build 200 06/17/2014 SJ Full Version ;
; Revision Name                      ; LED_CNT                                     ;
; Top-level Entity Name              ; LED_CNT                                     ;
; Family                             ; Cyclone IV GX                               ;
; Total logic elements               ; 35 / 14,400 ( < 1 % )                       ;
;     Total combinational functions  ; 31 / 14,400 ( < 1 % )                       ;
;     Dedicated logic registers      ; 26 / 14,400 ( < 1 % )                       ;
; Total registers                    ; 26                                          ;
; Total pins                         ; 12 / 81 ( 15 % )                            ;
; Total virtual pins                 ; 0                                           ;
; Total memory bits                  ; 0 / 552,960 ( 0 % )                         ;
; Embedded Multiplier 9-bit elements ; 0                                           ;
; Total GXB Receiver Channel PCS     ; 0 / 2 ( 0 % )                               ;
; Total GXB Receiver Channel PMA     ; 0 / 2 ( 0 % )                               ;
; Total GXB Transmitter Channel PCS  ; 0 / 2 ( 0 % )                               ;
; Total GXB Transmitter Channel PMA  ; 0 / 2 ( 0 % )                               ;
; Total PLLs                         ; 0 / 3 ( 0 % )                               ;
; Device                             ; EP4CGX15BF14C6                              ;
; Timing Models                      ; Final                                       ;
+------------------------------------+---------------------------------------------+


+-----------------------------------------+
; Flow Settings                           ;
+-------------------+---------------------+
; Option            ; Setting             ;
+-------------------+---------------------+
; Start date & time ; 05/28/2015 21:32:25 ;
; Main task         ; Compilation         ;
; Revision Name     ; LED_CNT             ;
+-------------------+---------------------+


+------------------------------------------------------------------------------------------------------------------------+
; Flow Non-Default Global Settings                                                                                       ;
+--------------------------------------+---------------------------------+---------------+-------------+-----------------+
; Assignment Name                      ; Value                           ; Default Value ; Entity Name ; Section Id      ;
+--------------------------------------+---------------------------------+---------------+-------------+-----------------+
; COMPILER_SIGNATURE_ID                ; 22930457730508.143281994518624  ; --            ; --          ; --              ;
; EDA_DESIGN_INSTANCE_NAME             ; NA                              ; --            ; --          ; LED_CNT_vhd_tst ;
; EDA_EXTRA_ELAB_OPTION                ; -novopt                         ; --            ; --          ; eda_simulation  ;
; EDA_NATIVELINK_SIMULATION_TEST_BENCH ; LED_CNT_vhd_tst                 ; --            ; --          ; eda_simulation  ;
; EDA_OUTPUT_DATA_FORMAT               ; Vhdl                            ; --            ; --          ; eda_simulation  ;
; EDA_SIMULATION_TOOL                  ; ModelSim-Altera (VHDL)          ; <None>        ; --          ; --              ;
; EDA_TEST_BENCH_ENABLE_STATUS         ; TEST_BENCH_MODE                 ; --            ; --          ; eda_simulation  ;
; EDA_TEST_BENCH_FILE                  ; simulation/modelsim/LED_CNT.vht ; --            ; --          ; LED_CNT_vhd_tst ;
; EDA_TEST_BENCH_MODULE_NAME           ; LED_CNT_vhd_tst                 ; --            ; --          ; LED_CNT_vhd_tst ;
; EDA_TEST_BENCH_NAME                  ; LED_CNT_vhd_tst                 ; --            ; --          ; eda_simulation  ;
; EDA_TEST_BENCH_RUN_SIM_FOR           ; 500 us                          ; --            ; --          ; LED_CNT_vhd_tst ;
; FLOW_ENABLE_RTL_VIEWER               ; On                              ; Off           ; --          ; --              ;
; PARTITION_COLOR                      ; 16764057                        ; --            ; --          ; Top             ;
; PARTITION_FITTER_PRESERVATION_LEVEL  ; PLACEMENT_AND_ROUTING           ; --            ; --          ; Top             ;
; PARTITION_NETLIST_TYPE               ; SOURCE                          ; --            ; --          ; Top             ;
; PROJECT_OUTPUT_DIRECTORY             ; output_files                    ; --            ; --          ; --              ;
+--------------------------------------+---------------------------------+---------------+-------------+-----------------+


+-------------------------------------------------------------------------------------------------------------------------------+
; Flow Elapsed Time                                                                                                             ;
+---------------------------+--------------+-------------------------+---------------------+------------------------------------+
; Module Name               ; Elapsed Time ; Average Processors Used ; Peak Virtual Memory ; Total CPU Time (on all processors) ;
+---------------------------+--------------+-------------------------+---------------------+------------------------------------+
; Analysis & Synthesis      ; 00:00:04     ; 1.0                     ; 619 MB              ; 00:00:03                           ;
; Fitter                    ; 00:00:08     ; 1.3                     ; 1031 MB             ; 00:00:09                           ;
; Assembler                 ; 00:00:01     ; 1.0                     ; 538 MB              ; 00:00:02                           ;
; TimeQuest Timing Analyzer ; 00:00:03     ; 1.0                     ; 548 MB              ; 00:00:03                           ;
; EDA Netlist Writer        ; 00:00:01     ; 1.0                     ; 490 MB              ; 00:00:01                           ;
; Total                     ; 00:00:17     ; --                      ; --                  ; 00:00:18                           ;
+---------------------------+--------------+-------------------------+---------------------+------------------------------------+


+----------------------------------------------------------------------------------------+
; Flow OS Summary                                                                        ;
+---------------------------+------------------+-----------+------------+----------------+
; Module Name               ; Machine Hostname ; OS Name   ; OS Version ; Processor type ;
+---------------------------+------------------+-----------+------------+----------------+
; Analysis & Synthesis      ; Monet-PC         ; Windows 7 ; 6.1        ; x86_64         ;
; Fitter                    ; Monet-PC         ; Windows 7 ; 6.1        ; x86_64         ;
; Assembler                 ; Monet-PC         ; Windows 7 ; 6.1        ; x86_64         ;
; TimeQuest Timing Analyzer ; Monet-PC         ; Windows 7 ; 6.1        ; x86_64         ;
; EDA Netlist Writer        ; Monet-PC         ; Windows 7 ; 6.1        ; x86_64         ;
+---------------------------+------------------+-----------+------------+----------------+


------------
; Flow Log ;
------------
quartus_map --read_settings_files=on --write_settings_files=off LED_CNT -c LED_CNT
quartus_fit --read_settings_files=off --write_settings_files=off LED_CNT -c LED_CNT
quartus_asm --read_settings_files=off --write_settings_files=off LED_CNT -c LED_CNT
quartus_sta LED_CNT -c LED_CNT
quartus_eda --read_settings_files=off --write_settings_files=off LED_CNT -c LED_CNT



