Flow report for FREQ_CNT
Sat Jun 13 09:24:15 2015
Quartus II 64-Bit Version 14.0.0 Build 200 06/17/2014 SJ Full Version


---------------------
; Table of Contents ;
---------------------
  1. Legal Notice
  2. Flow Summary
  3. Flow Settings
  4. Flow Non-Default Global Settings
  5. Flow Elapsed Time
  6. Flow OS Summary
  7. Flow Log
  8. Flow Messages
  9. Flow Suppressed Messages



----------------
; Legal Notice ;
----------------
Copyright (C) 1991-2014 Altera Corporation. All rights reserved.
Your use of Altera Corporation's design tools, logic functions 
and other software and tools, and its AMPP partner logic 
functions, and any output files from any of the foregoing 
(including device programming or simulation files), and any 
associated documentation or information are expressly subject 
to the terms and conditions of the Altera Program License 
Subscription Agreement, the Altera Quartus II License Agreement,
the Altera MegaCore Function License Agreement, or other 
applicable license agreement, including, without limitation, 
that your use is for the sole purpose of programming logic 
devices manufactured by Altera and sold by Altera or its 
authorized distributors.  Please refer to the applicable 
agreement for further details.



+----------------------------------------------------------------------------------+
; Flow Summary                                                                     ;
+------------------------------------+---------------------------------------------+
; Flow Status                        ; Successful - Sat Jun 13 09:24:15 2015       ;
; Quartus II 64-Bit Version          ; 14.0.0 Build 200 06/17/2014 SJ Full Version ;
; Revision Name                      ; FREQ_CNT                                    ;
; Top-level Entity Name              ; FREQ_CNT                                    ;
; Family                             ; Cyclone IV GX                               ;
; Total logic elements               ; 70 / 14,400 ( < 1 % )                       ;
;     Total combinational functions  ; 69 / 14,400 ( < 1 % )                       ;
;     Dedicated logic registers      ; 28 / 14,400 ( < 1 % )                       ;
; Total registers                    ; 28                                          ;
; Total pins                         ; 19 / 81 ( 23 % )                            ;
; Total virtual pins                 ; 0                                           ;
; Total memory bits                  ; 0 / 552,960 ( 0 % )                         ;
; Embedded Multiplier 9-bit elements ; 0                                           ;
; Total GXB Receiver Channel PCS     ; 0 / 2 ( 0 % )                               ;
; Total GXB Receiver Channel PMA     ; 0 / 2 ( 0 % )                               ;
; Total GXB Transmitter Channel PCS  ; 0 / 2 ( 0 % )                               ;
; Total GXB Transmitter Channel PMA  ; 0 / 2 ( 0 % )                               ;
; Total PLLs                         ; 0 / 3 ( 0 % )                               ;
; Device                             ; EP4CGX15BF14C6                              ;
; Timing Models                      ; Final                                       ;
+------------------------------------+---------------------------------------------+


+-----------------------------------------+
; Flow Settings                           ;
+-------------------+---------------------+
; Option            ; Setting             ;
+-------------------+---------------------+
; Start date & time ; 06/13/2015 09:23:48 ;
; Main task         ; Compilation         ;
; Revision Name     ; FREQ_CNT            ;
+-------------------+---------------------+


+--------------------------------------------------------------------------------------------------------------------------+
; Flow Non-Default Global Settings                                                                                         ;
+--------------------------------------+----------------------------------+---------------+-------------+------------------+
; Assignment Name                      ; Value                            ; Default Value ; Entity Name ; Section Id       ;
+--------------------------------------+----------------------------------+---------------+-------------+------------------+
; COMPILER_SIGNATURE_ID                ; 22930457730508.143415862714432   ; --            ; --          ; --               ;
; EDA_DESIGN_INSTANCE_NAME             ; NA                               ; --            ; --          ; FREQ_CNT_vhd_tst ;
; EDA_NATIVELINK_SIMULATION_TEST_BENCH ; FREQ_CNT_vhd_tst                 ; --            ; --          ; eda_simulation   ;
; EDA_OUTPUT_DATA_FORMAT               ; Vhdl                             ; --            ; --          ; eda_simulation   ;
; EDA_SIMULATION_TOOL                  ; ModelSim-Altera (VHDL)           ; <None>        ; --          ; --               ;
; EDA_TEST_BENCH_ENABLE_STATUS         ; TEST_BENCH_MODE                  ; --            ; --          ; eda_simulation   ;
; EDA_TEST_BENCH_FILE                  ; simulation/modelsim/FREQ_CNT.vht ; --            ; --          ; FREQ_CNT_vhd_tst ;
; EDA_TEST_BENCH_MODULE_NAME           ; FREQ_CNT_vhd_tst                 ; --            ; --          ; FREQ_CNT_vhd_tst ;
; EDA_TEST_BENCH_NAME                  ; FREQ_CNT_vhd_tst                 ; --            ; --          ; eda_simulation   ;
; EDA_TEST_BENCH_RUN_SIM_FOR           ; 10 s                             ; --            ; --          ; FREQ_CNT_vhd_tst ;
; PARTITION_COLOR                      ; 16764057                         ; --            ; --          ; Top              ;
; PARTITION_FITTER_PRESERVATION_LEVEL  ; PLACEMENT_AND_ROUTING            ; --            ; --          ; Top              ;
; PARTITION_NETLIST_TYPE               ; SOURCE                           ; --            ; --          ; Top              ;
; PROJECT_OUTPUT_DIRECTORY             ; output_files                     ; --            ; --          ; --               ;
+--------------------------------------+----------------------------------+---------------+-------------+------------------+


+-------------------------------------------------------------------------------------------------------------------------------+
; Flow Elapsed Time                                                                                                             ;
+---------------------------+--------------+-------------------------+---------------------+------------------------------------+
; Module Name               ; Elapsed Time ; Average Processors Used ; Peak Virtual Memory ; Total CPU Time (on all processors) ;
+---------------------------+--------------+-------------------------+---------------------+------------------------------------+
; Analysis & Synthesis      ; 00:00:03     ; 1.0                     ; 625 MB              ; 00:00:03                           ;
; Fitter                    ; 00:00:10     ; 1.2                     ; 1014 MB             ; 00:00:11                           ;
; Assembler                 ; 00:00:02     ; 1.0                     ; 545 MB              ; 00:00:02                           ;
; TimeQuest Timing Analyzer ; 00:00:04     ; 1.0                     ; 532 MB              ; 00:00:03                           ;
; EDA Netlist Writer        ; 00:00:01     ; 1.0                     ; 493 MB              ; 00:00:01                           ;
; Total                     ; 00:00:20     ; --                      ; --                  ; 00:00:20                           ;
+---------------------------+--------------+-------------------------+---------------------+------------------------------------+


+----------------------------------------------------------------------------------------+
; Flow OS Summary                                                                        ;
+---------------------------+------------------+-----------+------------+----------------+
; Module Name               ; Machine Hostname ; OS Name   ; OS Version ; Processor type ;
+---------------------------+------------------+-----------+------------+----------------+
; Analysis & Synthesis      ; Monet-PC         ; Windows 7 ; 6.1        ; x86_64         ;
; Fitter                    ; Monet-PC         ; Windows 7 ; 6.1        ; x86_64         ;
; Assembler                 ; Monet-PC         ; Windows 7 ; 6.1        ; x86_64         ;
; TimeQuest Timing Analyzer ; Monet-PC         ; Windows 7 ; 6.1        ; x86_64         ;
; EDA Netlist Writer        ; Monet-PC         ; Windows 7 ; 6.1        ; x86_64         ;
+---------------------------+------------------+-----------+------------+----------------+


------------
; Flow Log ;
------------
quartus_map --read_settings_files=on --write_settings_files=off FREQ_CNT -c FREQ_CNT
quartus_fit --read_settings_files=off --write_settings_files=off FREQ_CNT -c FREQ_CNT
quartus_asm --read_settings_files=off --write_settings_files=off FREQ_CNT -c FREQ_CNT
quartus_sta FREQ_CNT -c FREQ_CNT
quartus_eda --read_settings_files=off --write_settings_files=off FREQ_CNT -c FREQ_CNT



