Analysis & Synthesis report for FREQ_CNT
Sat Jun 13 09:23:50 2015
Quartus II 64-Bit Version 14.0.0 Build 200 06/17/2014 SJ Full Version


---------------------
; Table of Contents ;
---------------------
  1. Legal Notice
  2. Analysis & Synthesis Summary
  3. Analysis & Synthesis Settings
  4. Parallel Compilation
  5. Analysis & Synthesis Source Files Read
  6. Analysis & Synthesis Resource Usage Summary
  7. Analysis & Synthesis Resource Utilization by Entity
  8. Registers Removed During Synthesis
  9. General Register Statistics
 10. Multiplexer Restructuring Statistics (Restructuring Performed)
 11. Post-Synthesis Netlist Statistics for Top Partition
 12. Elapsed Time Per Partition
 13. Analysis & Synthesis Messages



----------------
; Legal Notice ;
----------------
Copyright (C) 1991-2014 Altera Corporation. All rights reserved.
Your use of Altera Corporation's design tools, logic functions 
and other software and tools, and its AMPP partner logic 
functions, and any output files from any of the foregoing 
(including device programming or simulation files), and any 
associated documentation or information are expressly subject 
to the terms and conditions of the Altera Program License 
Subscription Agreement, the Altera Quartus II License Agreement,
the Altera MegaCore Function License Agreement, or other 
applicable license agreement, including, without limitation, 
that your use is for the sole purpose of programming logic 
devices manufactured by Altera and sold by Altera or its 
authorized distributors.  Please refer to the applicable 
agreement for further details.



+----------------------------------------------------------------------------------+
; Analysis & Synthesis Summary                                                     ;
+------------------------------------+---------------------------------------------+
; Analysis & Synthesis Status        ; Successful - Sat Jun 13 09:23:50 2015       ;
; Quartus II 64-Bit Version          ; 14.0.0 Build 200 06/17/2014 SJ Full Version ;
; Revision Name                      ; FREQ_CNT                                    ;
; Top-level Entity Name              ; FREQ_CNT                                    ;
; Family                             ; Cyclone IV GX                               ;
; Total logic elements               ; 69                                          ;
;     Total combinational functions  ; 69                                          ;
;     Dedicated logic registers      ; 28                                          ;
; Total registers                    ; 28                                          ;
; Total pins                         ; 19                                          ;
; Total virtual pins                 ; 0                                           ;
; Total memory bits                  ; 0                                           ;
; Embedded Multiplier 9-bit elements ; 0                                           ;
; Total GXB Receiver Channel PCS     ; 0                                           ;
; Total GXB Receiver Channel PMA     ; 0                                           ;
; Total GXB Transmitter Channel PCS  ; 0                                           ;
; Total GXB Transmitter Channel PMA  ; 0                                           ;
; Total PLLs                         ; 0                                           ;
+------------------------------------+---------------------------------------------+


+----------------------------------------------------------------------------------------------------------------------+
; Analysis & Synthesis Settings                                                                                        ;
+----------------------------------------------------------------------------+--------------------+--------------------+
; Option                                                                     ; Setting            ; Default Value      ;
+----------------------------------------------------------------------------+--------------------+--------------------+
; Top-level entity name                                                      ; FREQ_CNT           ; FREQ_CNT           ;
; Family name                                                                ; Cyclone IV GX      ; Cyclone IV GX      ;
; Use smart compilation                                                      ; Off                ; Off                ;
; Enable parallel Assembler and TimeQuest Timing Analyzer during compilation ; On                 ; On                 ;
; Enable compact report table                                                ; Off                ; Off                ;
; Restructure Multiplexers                                                   ; Auto               ; Auto               ;
; Create Debugging Nodes for IP Cores                                        ; Off                ; Off                ;
; Preserve fewer node names                                                  ; On                 ; On                 ;
; Disable OpenCore Plus hardware evaluation                                  ; Off                ; Off                ;
; Verilog Version                                                            ; Verilog_2001       ; Verilog_2001       ;
; VHDL Version                                                               ; VHDL_1993          ; VHDL_1993          ;
; State Machine Processing                                                   ; Auto               ; Auto               ;
; Safe State Machine                                                         ; Off                ; Off                ;
; Extract Verilog State Machines                                             ; On                 ; On                 ;
; Extract VHDL State Machines                                                ; On                 ; On                 ;
; Ignore Verilog initial constructs                                          ; Off                ; Off                ;
; Iteration limit for constant Verilog loops                                 ; 5000               ; 5000               ;
; Iteration limit for non-constant Verilog loops                             ; 250                ; 250                ;
; Add Pass-Through Logic to Inferred RAMs                                    ; On                 ; On                 ;
; Infer RAMs from Raw Logic                                                  ; On                 ; On                 ;
; Parallel Synthesis                                                         ; On                 ; On                 ;
; DSP Block Balancing                                                        ; Auto               ; Auto               ;
; NOT Gate Push-Back                                                         ; On                 ; On                 ;
; Power-Up Don't Care                                                        ; On                 ; On                 ;
; Remove Redundant Logic Cells                                               ; Off                ; Off                ;
; Remove Duplicate Registers                                                 ; On                 ; On                 ;
; Ignore CARRY Buffers                                                       ; Off                ; Off                ;
; Ignore CASCADE Buffers                                                     ; Off                ; Off                ;
; Ignore GLOBAL Buffers                                                      ; Off                ; Off                ;
; Ignore ROW GLOBAL Buffers                                                  ; Off                ; Off                ;
; Ignore LCELL Buffers                                                       ; Off                ; Off                ;
; Ignore SOFT Buffers                                                        ; On                 ; On                 ;
; Limit AHDL Integers to 32 Bits                                             ; Off                ; Off                ;
; Optimization Technique                                                     ; Balanced           ; Balanced           ;
; Carry Chain Length                                                         ; 70                 ; 70                 ;
; Auto Carry Chains                                                          ; On                 ; On                 ;
; Auto Open-Drain Pins                                                       ; On                 ; On                 ;
; Perform WYSIWYG Primitive Resynthesis                                      ; Off                ; Off                ;
; Auto ROM Replacement                                                       ; On                 ; On                 ;
; Auto RAM Replacement                                                       ; On                 ; On                 ;
; Auto DSP Block Replacement                                                 ; On                 ; On                 ;
; Auto Shift Register Replacement                                            ; Auto               ; Auto               ;
; Allow Shift Register Merging across Hierarchies                            ; Auto               ; Auto               ;
; Auto Clock Enable Replacement                                              ; On                 ; On                 ;
; Strict RAM Replacement                                                     ; Off                ; Off                ;
; Allow Synchronous Control Signals                                          ; On                 ; On                 ;
; Force Use of Synchronous Clear Signals                                     ; Off                ; Off                ;
; Auto RAM Block Balancing                                                   ; On                 ; On                 ;
; Auto RAM to Logic Cell Conversion                                          ; Off                ; Off                ;
; Auto Resource Sharing                                                      ; Off                ; Off                ;
; Allow Any RAM Size For Recognition                                         ; Off                ; Off                ;
; Allow Any ROM Size For Recognition                                         ; Off                ; Off                ;
; Allow Any Shift Register Size For Recognition                              ; Off                ; Off                ;
; Use LogicLock Constraints during Resource Balancing                        ; On                 ; On                 ;
; Ignore translate_off and synthesis_off directives                          ; Off                ; Off                ;
; Timing-Driven Synthesis                                                    ; On                 ; On                 ;
; Report Parameter Settings                                                  ; On                 ; On                 ;
; Report Source Assignments                                                  ; On                 ; On                 ;
; Report Connectivity Checks                                                 ; On                 ; On                 ;
; Ignore Maximum Fan-Out Assignments                                         ; Off                ; Off                ;
; Synchronization Register Chain Length                                      ; 2                  ; 2                  ;
; PowerPlay Power Optimization                                               ; Normal compilation ; Normal compilation ;
; HDL message level                                                          ; Level2             ; Level2             ;
; Suppress Register Optimization Related Messages                            ; Off                ; Off                ;
; Number of Removed Registers Reported in Synthesis Report                   ; 5000               ; 5000               ;
; Number of Swept Nodes Reported in Synthesis Report                         ; 5000               ; 5000               ;
; Number of Inverted Registers Reported in Synthesis Report                  ; 100                ; 100                ;
; Clock MUX Protection                                                       ; On                 ; On                 ;
; Auto Gated Clock Conversion                                                ; Off                ; Off                ;
; Block Design Naming                                                        ; Auto               ; Auto               ;
; SDC constraint protection                                                  ; Off                ; Off                ;
; Synthesis Effort                                                           ; Auto               ; Auto               ;
; Shift Register Replacement - Allow Asynchronous Clear Signal               ; On                 ; On                 ;
; Pre-Mapping Resynthesis Optimization                                       ; Off                ; Off                ;
; Analysis & Synthesis Message Level                                         ; Medium             ; Medium             ;
; Disable Register Merging Across Hierarchies                                ; Auto               ; Auto               ;
; Resource Aware Inference For Block RAM                                     ; On                 ; On                 ;
; Synthesis Seed                                                             ; 1                  ; 1                  ;
+----------------------------------------------------------------------------+--------------------+--------------------+


+------------------------------------------+
; Parallel Compilation                     ;
+----------------------------+-------------+
; Processors                 ; Number      ;
+----------------------------+-------------+
; Number detected on machine ; 2           ;
; Maximum allowed            ; 2           ;
;                            ;             ;
; Average used               ; 1.00        ;
; Maximum used               ; 1           ;
;                            ;             ;
; Usage by Processor         ; % Time Used ;
;     Processor 1            ; 100.0%      ;
;     Processor 2            ;   0.0%      ;
+----------------------------+-------------+


+------------------------------------------------------------------------------------------------------------------------------------------+
; Analysis & Synthesis Source Files Read                                                                                                   ;
+----------------------------------+-----------------+-----------------+---------------------------------------------------------+---------+
; File Name with User-Entered Path ; Used in Netlist ; File Type       ; File Name with Absolute Path                            ; Library ;
+----------------------------------+-----------------+-----------------+---------------------------------------------------------+---------+
; SEL_SIGNAL.vhd                   ; yes             ; User VHDL File  ; E:/Project/VHDL/SequentialLogic/FREQ_CNT/SEL_SIGNAL.vhd ;         ;
; LED_DISP.vhd                     ; yes             ; User VHDL File  ; E:/Project/VHDL/SequentialLogic/FREQ_CNT/LED_DISP.vhd   ;         ;
; FREQ_CNT.vhd                     ; yes             ; User VHDL File  ; E:/Project/VHDL/SequentialLogic/FREQ_CNT/FREQ_CNT.vhd   ;         ;
; DIV_FREQ.vhd                     ; yes             ; User VHDL File  ; E:/Project/VHDL/SequentialLogic/FREQ_CNT/DIV_FREQ.vhd   ;         ;
; D_LATCH.vhd                      ; yes             ; User VHDL File  ; E:/Project/VHDL/SequentialLogic/FREQ_CNT/D_LATCH.vhd    ;         ;
; COUNT.vhd                        ; yes             ; User VHDL File  ; E:/Project/VHDL/SequentialLogic/FREQ_CNT/COUNT.vhd      ;         ;
; ALERT.vhd                        ; yes             ; User VHDL File  ; E:/Project/VHDL/SequentialLogic/FREQ_CNT/ALERT.vhd      ;         ;
+----------------------------------+-----------------+-----------------+---------------------------------------------------------+---------+


+-------------------------------------------------------------------+
; Analysis & Synthesis Resource Usage Summary                       ;
+--------------------------+----------------------------------------+
; Resource                 ; Usage                                  ;
+--------------------------+----------------------------------------+
; I/O pins                 ; 19                                     ;
; DSP block 9-bit elements ; 0                                      ;
; Maximum fan-out node     ; DIV_FREQ:INST_DIV_FREQ|CLK_OUT_TEMP[0] ;
; Maximum fan-out          ; 21                                     ;
; Total fan-out            ; 349                                    ;
; Average fan-out          ; 2.59                                   ;
+--------------------------+----------------------------------------+


+---------------------------------------------------------------------------------------------------------------------------------------------------------------------------------------------------------------+
; Analysis & Synthesis Resource Utilization by Entity                                                                                                                                                           ;
+---------------------------------+-------------------+--------------+-------------+--------------+---------+-----------+-----------+------+--------------+--------------------------------------+--------------+
; Compilation Hierarchy Node      ; LC Combinationals ; LC Registers ; Memory Bits ; DSP Elements ; DSP 9x9 ; DSP 18x18 ; DSP 36x36 ; Pins ; Virtual Pins ; Full Hierarchy Name                  ; Library Name ;
+---------------------------------+-------------------+--------------+-------------+--------------+---------+-----------+-----------+------+--------------+--------------------------------------+--------------+
; |FREQ_CNT                       ; 69 (0)            ; 28 (0)       ; 0           ; 0            ; 0       ; 0         ; 0         ; 19   ; 0            ; |FREQ_CNT                            ; work         ;
;    |ALERT:INST_ALERT|           ; 2 (2)             ; 0 (0)        ; 0           ; 0            ; 0       ; 0         ; 0         ; 0    ; 0            ; |FREQ_CNT|ALERT:INST_ALERT           ; work         ;
;    |COUNT:INST_COUNT|           ; 33 (33)           ; 18 (18)      ; 0           ; 0            ; 0       ; 0         ; 0         ; 0    ; 0            ; |FREQ_CNT|COUNT:INST_COUNT           ; work         ;
;    |DIV_FREQ:INST_DIV_FREQ|     ; 1 (1)             ; 1 (1)        ; 0           ; 0            ; 0       ; 0         ; 0         ; 0    ; 0            ; |FREQ_CNT|DIV_FREQ:INST_DIV_FREQ     ; work         ;
;    |LED_DISP:INST_LED_DISP|     ; 32 (32)           ; 9 (9)        ; 0           ; 0            ; 0       ; 0         ; 0         ; 0    ; 0            ; |FREQ_CNT|LED_DISP:INST_LED_DISP     ; work         ;
;    |SEL_SIGNAL:INST_SEL_SIGNAL| ; 1 (1)             ; 0 (0)        ; 0           ; 0            ; 0       ; 0         ; 0         ; 0    ; 0            ; |FREQ_CNT|SEL_SIGNAL:INST_SEL_SIGNAL ; work         ;
+---------------------------------+-------------------+--------------+-------------+--------------+---------+-----------+-----------+------+--------------+--------------------------------------+--------------+
Note: For table entries with two numbers listed, the numbers in parentheses indicate the number of resources of the given type used by the specific entity alone. The numbers listed outside of parentheses indicate the total resources of the given type used by the specific entity and all of its sub-entities in the hierarchy.


+-------------------------------------------------------------+
; Registers Removed During Synthesis                          ;
+----------------------------------------+--------------------+
; Register name                          ; Reason for Removal ;
+----------------------------------------+--------------------+
; DIV_FREQ:INST_DIV_FREQ|CLK_OUT_TEMP[1] ; Lost fanout        ;
; Total Number of Removed Registers = 1  ;                    ;
+----------------------------------------+--------------------+


+------------------------------------------------------+
; General Register Statistics                          ;
+----------------------------------------------+-------+
; Statistic                                    ; Value ;
+----------------------------------------------+-------+
; Total registers                              ; 28    ;
; Number of registers using Synchronous Clear  ; 0     ;
; Number of registers using Synchronous Load   ; 0     ;
; Number of registers using Asynchronous Clear ; 18    ;
; Number of registers using Asynchronous Load  ; 0     ;
; Number of registers using Clock Enable       ; 13    ;
; Number of registers using Preset             ; 0     ;
+----------------------------------------------+-------+


+------------------------------------------------------------------------------------------------------------------------------------------------------------+
; Multiplexer Restructuring Statistics (Restructuring Performed)                                                                                             ;
+--------------------+-----------+---------------+----------------------+------------------------+------------+----------------------------------------------+
; Multiplexer Inputs ; Bus Width ; Baseline Area ; Area if Restructured ; Saving if Restructured ; Registered ; Example Multiplexer Output                   ;
+--------------------+-----------+---------------+----------------------+------------------------+------------+----------------------------------------------+
; 3:1                ; 4 bits    ; 8 LEs         ; 4 LEs                ; 4 LEs                  ; Yes        ; |FREQ_CNT|COUNT:INST_COUNT|CNT[3]            ;
; 4:1                ; 4 bits    ; 8 LEs         ; 4 LEs                ; 4 LEs                  ; Yes        ; |FREQ_CNT|COUNT:INST_COUNT|CNT[7]            ;
; 5:1                ; 4 bits    ; 12 LEs        ; 4 LEs                ; 8 LEs                  ; Yes        ; |FREQ_CNT|COUNT:INST_COUNT|CNT[11]           ;
; 6:1                ; 4 bits    ; 16 LEs        ; 4 LEs                ; 12 LEs                 ; Yes        ; |FREQ_CNT|COUNT:INST_COUNT|CNT[15]           ;
; 15:1               ; 4 bits    ; 40 LEs        ; 12 LEs               ; 28 LEs                 ; Yes        ; |FREQ_CNT|LED_DISP:INST_LED_DISP|DOUT_OCT[3] ;
+--------------------+-----------+---------------+----------------------+------------------------+------------+----------------------------------------------+


+-----------------------------------------------------+
; Post-Synthesis Netlist Statistics for Top Partition ;
+-----------------------+-----------------------------+
; Type                  ; Count                       ;
+-----------------------+-----------------------------+
; boundary_port         ; 19                          ;
; cycloneiii_ff         ; 28                          ;
;     CLR               ; 6                           ;
;     ENA               ; 1                           ;
;     ENA CLR           ; 12                          ;
;     plain             ; 9                           ;
; cycloneiii_lcell_comb ; 75                          ;
;     normal            ; 75                          ;
;         1 data inputs ; 10                          ;
;         2 data inputs ; 9                           ;
;         3 data inputs ; 15                          ;
;         4 data inputs ; 41                          ;
;                       ;                             ;
; Max LUT depth         ; 5.00                        ;
; Average LUT depth     ; 2.67                        ;
+-----------------------+-----------------------------+


+-------------------------------+
; Elapsed Time Per Partition    ;
+----------------+--------------+
; Partition Name ; Elapsed Time ;
+----------------+--------------+
; Top            ; 00:00:01     ;
+----------------+--------------+


+-------------------------------+
; Analysis & Synthesis Messages ;
+-------------------------------+
Info: *******************************************************************
Info: Running Quartus II 64-Bit Analysis & Synthesis
    Info: Version 14.0.0 Build 200 06/17/2014 SJ Full Version
    Info: Processing started: Sat Jun 13 09:23:47 2015
Info: Command: quartus_map --read_settings_files=on --write_settings_files=off FREQ_CNT -c FREQ_CNT
Info (20030): Parallel compilation is enabled and will use 2 of the 2 processors detected
Info (12021): Found 2 design units, including 1 entities, in source file sel_signal.vhd
    Info (12022): Found design unit 1: SEL_SIGNAL-ART1
    Info (12023): Found entity 1: SEL_SIGNAL
Info (12021): Found 2 design units, including 1 entities, in source file led_disp.vhd
    Info (12022): Found design unit 1: LED_DISP-ART1
    Info (12023): Found entity 1: LED_DISP
Info (12021): Found 2 design units, including 1 entities, in source file freq_cnt.vhd
    Info (12022): Found design unit 1: FREQ_CNT-ART
    Info (12023): Found entity 1: FREQ_CNT
Info (12021): Found 2 design units, including 1 entities, in source file div_freq.vhd
    Info (12022): Found design unit 1: DIV_FREQ-ART1
    Info (12023): Found entity 1: DIV_FREQ
Info (12021): Found 2 design units, including 1 entities, in source file d_latch.vhd
    Info (12022): Found design unit 1: D_LATCH-ART1
    Info (12023): Found entity 1: D_LATCH
Info (12021): Found 2 design units, including 1 entities, in source file count.vhd
    Info (12022): Found design unit 1: COUNT-ART1
    Info (12023): Found entity 1: COUNT
Info (12021): Found 2 design units, including 1 entities, in source file alert.vhd
    Info (12022): Found design unit 1: ALERT-ART1
    Info (12023): Found entity 1: ALERT
Info (12127): Elaborating entity "FREQ_CNT" for the top level hierarchy
Info (12128): Elaborating entity "DIV_FREQ" for hierarchy "DIV_FREQ:INST_DIV_FREQ"
Info (12128): Elaborating entity "SEL_SIGNAL" for hierarchy "SEL_SIGNAL:INST_SEL_SIGNAL"
Info (12128): Elaborating entity "COUNT" for hierarchy "COUNT:INST_COUNT"
Info (12128): Elaborating entity "ALERT" for hierarchy "ALERT:INST_ALERT"
Warning (10492): VHDL Process Statement warning at ALERT.vhd(29): signal "D4_IN" is read inside the Process Statement but isn't in the Process Statement's sensitivity list
Warning (10492): VHDL Process Statement warning at ALERT.vhd(44): signal "CARRY_LABEL" is read inside the Process Statement but isn't in the Process Statement's sensitivity list
Warning (10492): VHDL Process Statement warning at ALERT.vhd(53): signal "D4_IN" is read inside the Process Statement but isn't in the Process Statement's sensitivity list
Info (12128): Elaborating entity "D_LATCH" for hierarchy "D_LATCH:INST_D_LATCH"
Warning (10492): VHDL Process Statement warning at D_LATCH.vhd(24): signal "D1_IN" is read inside the Process Statement but isn't in the Process Statement's sensitivity list
Warning (10492): VHDL Process Statement warning at D_LATCH.vhd(25): signal "D2_IN" is read inside the Process Statement but isn't in the Process Statement's sensitivity list
Warning (10492): VHDL Process Statement warning at D_LATCH.vhd(26): signal "D3_IN" is read inside the Process Statement but isn't in the Process Statement's sensitivity list
Info (12128): Elaborating entity "LED_DISP" for hierarchy "LED_DISP:INST_LED_DISP"
Warning (19016): Clock multiplexers are found and protected
    Warning (19017): Found clock multiplexer SEL_SIGNAL:INST_SEL_SIGNAL|CLK
Info (286030): Timing-Driven Synthesis is running
Info (17049): 1 registers lost all their fanouts during netlist optimizations.
Info (16010): Generating hard_block partition "hard_block:auto_generated_inst"
    Info (16011): Adding 0 node(s), including 0 DDIO, 0 PLL, 0 transceiver and 0 LCELL
Info (21057): Implemented 90 device resources after synthesis - the final resource count might be different
    Info (21058): Implemented 7 input pins
    Info (21059): Implemented 12 output pins
    Info (21061): Implemented 71 logic cells
Info: Quartus II 64-Bit Analysis & Synthesis was successful. 0 errors, 8 warnings
    Info: Peak virtual memory: 626 megabytes
    Info: Processing ended: Sat Jun 13 09:23:50 2015
    Info: Elapsed time: 00:00:03
    Info: Total CPU time (on all processors): 00:00:03


