TimeQuest Timing Analyzer report for BIDIR
Fri Apr 17 16:53:17 2015
Quartus II 64-Bit Version 14.0.0 Build 200 06/17/2014 SJ Full Version


---------------------
; Table of Contents ;
---------------------
  1. Legal Notice
  2. TimeQuest Timing Analyzer Summary
  3. Parallel Compilation
  4. Clocks
  5. Slow 1200mV 85C Model Fmax Summary
  6. Timing Closure Recommendations
  7. Slow 1200mV 85C Model Setup Summary
  8. Slow 1200mV 85C Model Hold Summary
  9. Slow 1200mV 85C Model Recovery Summary
 10. Slow 1200mV 85C Model Removal Summary
 11. Slow 1200mV 85C Model Minimum Pulse Width Summary
 12. Propagation Delay
 13. Minimum Propagation Delay
 14. Slow 1200mV 85C Model Metastability Report
 15. Slow 1200mV 0C Model Fmax Summary
 16. Slow 1200mV 0C Model Setup Summary
 17. Slow 1200mV 0C Model Hold Summary
 18. Slow 1200mV 0C Model Recovery Summary
 19. Slow 1200mV 0C Model Removal Summary
 20. Slow 1200mV 0C Model Minimum Pulse Width Summary
 21. Propagation Delay
 22. Minimum Propagation Delay
 23. Slow 1200mV 0C Model Metastability Report
 24. Fast 1200mV 0C Model Setup Summary
 25. Fast 1200mV 0C Model Hold Summary
 26. Fast 1200mV 0C Model Recovery Summary
 27. Fast 1200mV 0C Model Removal Summary
 28. Fast 1200mV 0C Model Minimum Pulse Width Summary
 29. Propagation Delay
 30. Minimum Propagation Delay
 31. Fast 1200mV 0C Model Metastability Report
 32. Multicorner Timing Analysis Summary
 33. Propagation Delay
 34. Minimum Propagation Delay
 35. Board Trace Model Assignments
 36. Input Transition Times
 37. Signal Integrity Metrics (Slow 1200mv 0c Model)
 38. Signal Integrity Metrics (Slow 1200mv 85c Model)
 39. Signal Integrity Metrics (Fast 1200mv 0c Model)
 40. Clock Transfers
 41. Report TCCS
 42. Report RSKM
 43. Unconstrained Paths
 44. TimeQuest Timing Analyzer Messages



----------------
; Legal Notice ;
----------------
Copyright (C) 1991-2014 Altera Corporation. All rights reserved.
Your use of Altera Corporation's design tools, logic functions 
and other software and tools, and its AMPP partner logic 
functions, and any output files from any of the foregoing 
(including device programming or simulation files), and any 
associated documentation or information are expressly subject 
to the terms and conditions of the Altera Program License 
Subscription Agreement, the Altera Quartus II License Agreement,
the Altera MegaCore Function License Agreement, or other 
applicable license agreement, including, without limitation, 
that your use is for the sole purpose of programming logic 
devices manufactured by Altera and sold by Altera or its 
authorized distributors.  Please refer to the applicable 
agreement for further details.



+--------------------------------------------------------------------------+
; TimeQuest Timing Analyzer Summary                                        ;
+--------------------+-----------------------------------------------------+
; Quartus II Version ; Version 14.0.0 Build 200 06/17/2014 SJ Full Version ;
; Revision Name      ; BIDIR                                               ;
; Device Family      ; Cyclone IV GX                                       ;
; Device Name        ; EP4CGX15BF14C6                                      ;
; Timing Models      ; Final                                               ;
; Delay Model        ; Combined                                            ;
; Rise/Fall Delays   ; Enabled                                             ;
+--------------------+-----------------------------------------------------+


+------------------------------------------+
; Parallel Compilation                     ;
+----------------------------+-------------+
; Processors                 ; Number      ;
+----------------------------+-------------+
; Number detected on machine ; 2           ;
; Maximum allowed            ; 2           ;
;                            ;             ;
; Average used               ; 1.00        ;
; Maximum used               ; 2           ;
;                            ;             ;
; Usage by Processor         ; % Time Used ;
;     Processor 1            ; 100.0%      ;
;     Processor 2            ; < 0.1%      ;
+----------------------------+-------------+


----------
; Clocks ;
----------
No clocks to report.


--------------------------------------
; Slow 1200mV 85C Model Fmax Summary ;
--------------------------------------
No paths to report.


----------------------------------
; Timing Closure Recommendations ;
----------------------------------
HTML report is unavailable in plain text report export.


---------------------------------------
; Slow 1200mV 85C Model Setup Summary ;
---------------------------------------
No paths to report.


--------------------------------------
; Slow 1200mV 85C Model Hold Summary ;
--------------------------------------
No paths to report.


------------------------------------------
; Slow 1200mV 85C Model Recovery Summary ;
------------------------------------------
No paths to report.


-----------------------------------------
; Slow 1200mV 85C Model Removal Summary ;
-----------------------------------------
No paths to report.


-----------------------------------------------------
; Slow 1200mV 85C Model Minimum Pulse Width Summary ;
-----------------------------------------------------
No paths to report.


+--------------------------------------------------------------+
; Propagation Delay                                            ;
+------------+-------------+--------+--------+--------+--------+
; Input Port ; Output Port ; RR     ; RF     ; FR     ; FF     ;
+------------+-------------+--------+--------+--------+--------+
; A[0]       ; B[0]        ; 6.372  ;        ;        ; 6.665  ;
; A[1]       ; B[1]        ; 6.150  ;        ;        ; 6.445  ;
; A[2]       ; B[2]        ; 6.501  ;        ;        ; 6.835  ;
; A[3]       ; B[3]        ; 6.712  ;        ;        ; 7.054  ;
; A[4]       ; B[4]        ; 7.079  ;        ;        ; 7.433  ;
; A[5]       ; B[5]        ; 6.858  ;        ;        ; 7.257  ;
; A[6]       ; B[6]        ; 6.348  ;        ;        ; 6.689  ;
; A[7]       ; B[7]        ; 6.601  ;        ;        ; 6.931  ;
; B[0]       ; A[0]        ; 7.317  ;        ;        ; 7.650  ;
; B[1]       ; A[1]        ; 6.176  ;        ;        ; 6.480  ;
; B[2]       ; A[2]        ; 7.456  ;        ;        ; 7.874  ;
; B[3]       ; A[3]        ; 6.570  ;        ;        ; 6.877  ;
; B[4]       ; A[4]        ; 6.544  ;        ;        ; 6.823  ;
; B[5]       ; A[5]        ; 6.812  ;        ;        ; 7.159  ;
; B[6]       ; A[6]        ; 6.351  ;        ;        ; 6.693  ;
; B[7]       ; A[7]        ; 6.529  ;        ;        ; 6.825  ;
; DIR        ; A[0]        ; 10.970 ; 10.874 ; 11.636 ; 11.540 ;
; DIR        ; A[1]        ; 9.036  ; 8.888  ; 9.545  ; 9.397  ;
; DIR        ; A[2]        ; 10.851 ; 10.755 ; 11.466 ; 11.370 ;
; DIR        ; A[3]        ; 9.101  ; 8.944  ; 9.611  ; 9.454  ;
; DIR        ; A[4]        ; 9.069  ; 8.912  ; 9.579  ; 9.422  ;
; DIR        ; A[5]        ; 10.557 ; 10.400 ; 11.240 ; 11.083 ;
; DIR        ; A[6]        ; 9.741  ; 9.619  ; 10.273 ; 10.151 ;
; DIR        ; A[7]        ; 9.999  ; 9.851  ; 10.614 ; 10.466 ;
; DIR        ; B[0]        ; 10.489 ; 10.332 ; 11.159 ; 11.002 ;
; DIR        ; B[1]        ; 9.036  ; 8.888  ; 9.545  ; 9.397  ;
; DIR        ; B[2]        ; 10.430 ; 10.282 ; 11.104 ; 10.956 ;
; DIR        ; B[3]        ; 9.283  ; 9.126  ; 9.856  ; 9.699  ;
; DIR        ; B[4]        ; 9.815  ; 9.719  ; 10.327 ; 10.231 ;
; DIR        ; B[5]        ; 9.741  ; 9.619  ; 10.273 ; 10.151 ;
; DIR        ; B[6]        ; 9.491  ; 9.369  ; 10.010 ; 9.888  ;
; DIR        ; B[7]        ; 10.489 ; 10.332 ; 11.159 ; 11.002 ;
; EN         ; A[0]        ; 10.878 ; 10.782 ; 11.114 ; 11.018 ;
; EN         ; A[1]        ; 8.787  ; 8.639  ; 9.180  ; 9.032  ;
; EN         ; A[2]        ; 10.708 ; 10.612 ; 10.995 ; 10.899 ;
; EN         ; A[3]        ; 8.853  ; 8.696  ; 9.245  ; 9.088  ;
; EN         ; A[4]        ; 8.821  ; 8.664  ; 9.213  ; 9.056  ;
; EN         ; A[5]        ; 10.482 ; 10.325 ; 10.701 ; 10.544 ;
; EN         ; A[6]        ; 9.515  ; 9.393  ; 9.885  ; 9.763  ;
; EN         ; A[7]        ; 9.856  ; 9.708  ; 10.143 ; 9.995  ;
; EN         ; B[0]        ; 10.401 ; 10.244 ; 10.633 ; 10.476 ;
; EN         ; B[1]        ; 8.787  ; 8.639  ; 9.180  ; 9.032  ;
; EN         ; B[2]        ; 10.346 ; 10.198 ; 10.574 ; 10.426 ;
; EN         ; B[3]        ; 9.098  ; 8.941  ; 9.427  ; 9.270  ;
; EN         ; B[4]        ; 9.569  ; 9.473  ; 9.959  ; 9.863  ;
; EN         ; B[5]        ; 9.515  ; 9.393  ; 9.885  ; 9.763  ;
; EN         ; B[6]        ; 9.252  ; 9.130  ; 9.635  ; 9.513  ;
; EN         ; B[7]        ; 10.401 ; 10.244 ; 10.633 ; 10.476 ;
+------------+-------------+--------+--------+--------+--------+


+--------------------------------------------------------------+
; Minimum Propagation Delay                                    ;
+------------+-------------+--------+--------+--------+--------+
; Input Port ; Output Port ; RR     ; RF     ; FR     ; FF     ;
+------------+-------------+--------+--------+--------+--------+
; A[0]       ; B[0]        ; 6.167  ;        ;        ; 6.451  ;
; A[1]       ; B[1]        ; 5.950  ;        ;        ; 6.237  ;
; A[2]       ; B[2]        ; 6.287  ;        ;        ; 6.611  ;
; A[3]       ; B[3]        ; 6.496  ;        ;        ; 6.827  ;
; A[4]       ; B[4]        ; 6.876  ;        ;        ; 7.222  ;
; A[5]       ; B[5]        ; 6.632  ;        ;        ; 7.018  ;
; A[6]       ; B[6]        ; 6.145  ;        ;        ; 6.474  ;
; A[7]       ; B[7]        ; 6.387  ;        ;        ; 6.706  ;
; B[0]       ; A[0]        ; 7.104  ;        ;        ; 7.430  ;
; B[1]       ; A[1]        ; 5.975  ;        ;        ; 6.270  ;
; B[2]       ; A[2]        ; 7.238  ;        ;        ; 7.644  ;
; B[3]       ; A[3]        ; 6.359  ;        ;        ; 6.656  ;
; B[4]       ; A[4]        ; 6.333  ;        ;        ; 6.604  ;
; B[5]       ; A[5]        ; 6.594  ;        ;        ; 6.927  ;
; B[6]       ; A[6]        ; 6.149  ;        ;        ; 6.478  ;
; B[7]       ; A[7]        ; 6.314  ;        ;        ; 6.601  ;
; DIR        ; A[0]        ; 10.506 ; 10.410 ; 11.132 ; 11.036 ;
; DIR        ; A[1]        ; 8.616  ; 8.468  ; 9.090  ; 8.942  ;
; DIR        ; A[2]        ; 10.393 ; 10.297 ; 10.968 ; 10.872 ;
; DIR        ; A[3]        ; 8.682  ; 8.525  ; 9.157  ; 9.000  ;
; DIR        ; A[4]        ; 8.652  ; 8.495  ; 9.127  ; 8.970  ;
; DIR        ; A[5]        ; 10.080 ; 9.923  ; 10.721 ; 10.564 ;
; DIR        ; A[6]        ; 9.332  ; 9.210  ; 9.828  ; 9.706  ;
; DIR        ; A[7]        ; 9.541  ; 9.393  ; 10.116 ; 9.968  ;
; DIR        ; B[0]        ; 10.014 ; 9.857  ; 10.643 ; 10.486 ;
; DIR        ; B[1]        ; 8.616  ; 8.468  ; 9.090  ; 8.942  ;
; DIR        ; B[2]        ; 9.954  ; 9.806  ; 10.587 ; 10.439 ;
; DIR        ; B[3]        ; 8.857  ; 8.700  ; 9.392  ; 9.235  ;
; DIR        ; B[4]        ; 9.398  ; 9.302  ; 9.875  ; 9.779  ;
; DIR        ; B[5]        ; 9.332  ; 9.210  ; 9.828  ; 9.706  ;
; DIR        ; B[6]        ; 9.091  ; 8.969  ; 9.575  ; 9.453  ;
; DIR        ; B[7]        ; 10.014 ; 9.857  ; 10.643 ; 10.486 ;
; EN         ; A[0]        ; 10.473 ; 10.377 ; 10.707 ; 10.611 ;
; EN         ; A[1]        ; 8.431  ; 8.283  ; 8.817  ; 8.669  ;
; EN         ; A[2]        ; 10.309 ; 10.213 ; 10.594 ; 10.498 ;
; EN         ; A[3]        ; 8.498  ; 8.341  ; 8.883  ; 8.726  ;
; EN         ; A[4]        ; 8.468  ; 8.311  ; 8.853  ; 8.696  ;
; EN         ; A[5]        ; 10.062 ; 9.905  ; 10.281 ; 10.124 ;
; EN         ; A[6]        ; 9.169  ; 9.047  ; 9.533  ; 9.411  ;
; EN         ; A[7]        ; 9.457  ; 9.309  ; 9.742  ; 9.594  ;
; EN         ; B[0]        ; 9.984  ; 9.827  ; 10.215 ; 10.058 ;
; EN         ; B[1]        ; 8.431  ; 8.283  ; 8.817  ; 8.669  ;
; EN         ; B[2]        ; 9.928  ; 9.780  ; 10.155 ; 10.007 ;
; EN         ; B[3]        ; 8.733  ; 8.576  ; 9.058  ; 8.901  ;
; EN         ; B[4]        ; 9.216  ; 9.120  ; 9.599  ; 9.503  ;
; EN         ; B[5]        ; 9.169  ; 9.047  ; 9.533  ; 9.411  ;
; EN         ; B[6]        ; 8.916  ; 8.794  ; 9.292  ; 9.170  ;
; EN         ; B[7]        ; 9.984  ; 9.827  ; 10.215 ; 10.058 ;
+------------+-------------+--------+--------+--------+--------+


----------------------------------------------
; Slow 1200mV 85C Model Metastability Report ;
----------------------------------------------
No synchronizer chains to report.


-------------------------------------
; Slow 1200mV 0C Model Fmax Summary ;
-------------------------------------
No paths to report.


--------------------------------------
; Slow 1200mV 0C Model Setup Summary ;
--------------------------------------
No paths to report.


-------------------------------------
; Slow 1200mV 0C Model Hold Summary ;
-------------------------------------
No paths to report.


-----------------------------------------
; Slow 1200mV 0C Model Recovery Summary ;
-----------------------------------------
No paths to report.


----------------------------------------
; Slow 1200mV 0C Model Removal Summary ;
----------------------------------------
No paths to report.


----------------------------------------------------
; Slow 1200mV 0C Model Minimum Pulse Width Summary ;
----------------------------------------------------
No paths to report.


+------------------------------------------------------------+
; Propagation Delay                                          ;
+------------+-------------+-------+-------+--------+--------+
; Input Port ; Output Port ; RR    ; RF    ; FR     ; FF     ;
+------------+-------------+-------+-------+--------+--------+
; A[0]       ; B[0]        ; 5.612 ;       ;        ; 5.821  ;
; A[1]       ; B[1]        ; 5.384 ;       ;        ; 5.627  ;
; A[2]       ; B[2]        ; 5.708 ;       ;        ; 5.977  ;
; A[3]       ; B[3]        ; 5.932 ;       ;        ; 6.180  ;
; A[4]       ; B[4]        ; 6.193 ;       ;        ; 6.481  ;
; A[5]       ; B[5]        ; 6.062 ;       ;        ; 6.342  ;
; A[6]       ; B[6]        ; 5.591 ;       ;        ; 5.840  ;
; A[7]       ; B[7]        ; 5.829 ;       ;        ; 6.058  ;
; B[0]       ; A[0]        ; 6.411 ;       ;        ; 6.672  ;
; B[1]       ; A[1]        ; 5.408 ;       ;        ; 5.659  ;
; B[2]       ; A[2]        ; 6.540 ;       ;        ; 6.876  ;
; B[3]       ; A[3]        ; 5.804 ;       ;        ; 6.012  ;
; B[4]       ; A[4]        ; 5.769 ;       ;        ; 5.964  ;
; B[5]       ; A[5]        ; 6.030 ;       ;        ; 6.265  ;
; B[6]       ; A[6]        ; 5.594 ;       ;        ; 5.843  ;
; B[7]       ; A[7]        ; 5.728 ;       ;        ; 5.969  ;
; DIR        ; A[0]        ; 9.794 ; 9.708 ; 10.245 ; 10.159 ;
; DIR        ; A[1]        ; 8.046 ; 7.936 ; 8.396  ; 8.286  ;
; DIR        ; A[2]        ; 9.681 ; 9.595 ; 10.088 ; 10.002 ;
; DIR        ; A[3]        ; 8.131 ; 7.971 ; 8.483  ; 8.323  ;
; DIR        ; A[4]        ; 8.096 ; 7.936 ; 8.452  ; 8.292  ;
; DIR        ; A[5]        ; 9.482 ; 9.322 ; 9.945  ; 9.785  ;
; DIR        ; A[6]        ; 8.709 ; 8.573 ; 9.069  ; 8.933  ;
; DIR        ; A[7]        ; 8.940 ; 8.830 ; 9.347  ; 9.237  ;
; DIR        ; B[0]        ; 9.416 ; 9.256 ; 9.873  ; 9.713  ;
; DIR        ; B[1]        ; 8.046 ; 7.936 ; 8.396  ; 8.286  ;
; DIR        ; B[2]        ; 9.336 ; 9.226 ; 9.794  ; 9.684  ;
; DIR        ; B[3]        ; 8.301 ; 8.141 ; 8.707  ; 8.547  ;
; DIR        ; B[4]        ; 8.712 ; 8.626 ; 9.070  ; 8.984  ;
; DIR        ; B[5]        ; 8.709 ; 8.573 ; 9.069  ; 8.933  ;
; DIR        ; B[6]        ; 8.482 ; 8.346 ; 8.837  ; 8.701  ;
; DIR        ; B[7]        ; 9.416 ; 9.256 ; 9.873  ; 9.713  ;
; EN         ; A[0]        ; 9.604 ; 9.518 ; 9.873  ; 9.787  ;
; EN         ; A[1]        ; 7.755 ; 7.645 ; 8.125  ; 8.015  ;
; EN         ; A[2]        ; 9.447 ; 9.361 ; 9.760  ; 9.674  ;
; EN         ; A[3]        ; 7.842 ; 7.682 ; 8.210  ; 8.050  ;
; EN         ; A[4]        ; 7.811 ; 7.651 ; 8.175  ; 8.015  ;
; EN         ; A[5]        ; 9.304 ; 9.144 ; 9.561  ; 9.401  ;
; EN         ; A[6]        ; 8.428 ; 8.292 ; 8.788  ; 8.652  ;
; EN         ; A[7]        ; 8.706 ; 8.596 ; 9.019  ; 8.909  ;
; EN         ; B[0]        ; 9.232 ; 9.072 ; 9.495  ; 9.335  ;
; EN         ; B[1]        ; 7.755 ; 7.645 ; 8.125  ; 8.015  ;
; EN         ; B[2]        ; 9.153 ; 9.043 ; 9.415  ; 9.305  ;
; EN         ; B[3]        ; 8.066 ; 7.906 ; 8.380  ; 8.220  ;
; EN         ; B[4]        ; 8.429 ; 8.343 ; 8.791  ; 8.705  ;
; EN         ; B[5]        ; 8.428 ; 8.292 ; 8.788  ; 8.652  ;
; EN         ; B[6]        ; 8.196 ; 8.060 ; 8.561  ; 8.425  ;
; EN         ; B[7]        ; 9.232 ; 9.072 ; 9.495  ; 9.335  ;
+------------+-------------+-------+-------+--------+--------+


+----------------------------------------------------------+
; Minimum Propagation Delay                                ;
+------------+-------------+-------+-------+-------+-------+
; Input Port ; Output Port ; RR    ; RF    ; FR    ; FF    ;
+------------+-------------+-------+-------+-------+-------+
; A[0]       ; B[0]        ; 5.431 ;       ;       ; 5.633 ;
; A[1]       ; B[1]        ; 5.208 ;       ;       ; 5.444 ;
; A[2]       ; B[2]        ; 5.518 ;       ;       ; 5.780 ;
; A[3]       ; B[3]        ; 5.741 ;       ;       ; 5.980 ;
; A[4]       ; B[4]        ; 6.014 ;       ;       ; 6.295 ;
; A[5]       ; B[5]        ; 5.865 ;       ;       ; 6.136 ;
; A[6]       ; B[6]        ; 5.413 ;       ;       ; 5.654 ;
; A[7]       ; B[7]        ; 5.640 ;       ;       ; 5.861 ;
; B[0]       ; A[0]        ; 6.224 ;       ;       ; 6.478 ;
; B[1]       ; A[1]        ; 5.231 ;       ;       ; 5.475 ;
; B[2]       ; A[2]        ; 6.347 ;       ;       ; 6.674 ;
; B[3]       ; A[3]        ; 5.618 ;       ;       ; 5.819 ;
; B[4]       ; A[4]        ; 5.583 ;       ;       ; 5.771 ;
; B[5]       ; A[5]        ; 5.835 ;       ;       ; 6.062 ;
; B[6]       ; A[6]        ; 5.416 ;       ;       ; 5.657 ;
; B[7]       ; A[7]        ; 5.538 ;       ;       ; 5.772 ;
; DIR        ; A[0]        ; 9.366 ; 9.280 ; 9.790 ; 9.704 ;
; DIR        ; A[1]        ; 7.658 ; 7.548 ; 7.985 ; 7.875 ;
; DIR        ; A[2]        ; 9.258 ; 9.172 ; 9.639 ; 9.553 ;
; DIR        ; A[3]        ; 7.744 ; 7.584 ; 8.074 ; 7.914 ;
; DIR        ; A[4]        ; 7.711 ; 7.551 ; 8.044 ; 7.884 ;
; DIR        ; A[5]        ; 9.042 ; 8.882 ; 9.477 ; 9.317 ;
; DIR        ; A[6]        ; 8.335 ; 8.199 ; 8.671 ; 8.535 ;
; DIR        ; A[7]        ; 8.517 ; 8.407 ; 8.898 ; 8.788 ;
; DIR        ; B[0]        ; 8.978 ; 8.818 ; 9.408 ; 9.248 ;
; DIR        ; B[1]        ; 7.658 ; 7.548 ; 7.985 ; 7.875 ;
; DIR        ; B[2]        ; 8.897 ; 8.787 ; 9.327 ; 9.217 ;
; DIR        ; B[3]        ; 7.907 ; 7.747 ; 8.289 ; 8.129 ;
; DIR        ; B[4]        ; 8.328 ; 8.242 ; 8.662 ; 8.576 ;
; DIR        ; B[5]        ; 8.335 ; 8.199 ; 8.671 ; 8.535 ;
; DIR        ; B[6]        ; 8.117 ; 7.981 ; 8.448 ; 8.312 ;
; DIR        ; B[7]        ; 8.978 ; 8.818 ; 9.408 ; 9.248 ;
; EN         ; A[0]        ; 9.235 ; 9.149 ; 9.501 ; 9.415 ;
; EN         ; A[1]        ; 7.430 ; 7.320 ; 7.793 ; 7.683 ;
; EN         ; A[2]        ; 9.084 ; 8.998 ; 9.393 ; 9.307 ;
; EN         ; A[3]        ; 7.519 ; 7.359 ; 7.879 ; 7.719 ;
; EN         ; A[4]        ; 7.489 ; 7.329 ; 7.846 ; 7.686 ;
; EN         ; A[5]        ; 8.922 ; 8.762 ; 9.177 ; 9.017 ;
; EN         ; A[6]        ; 8.116 ; 7.980 ; 8.470 ; 8.334 ;
; EN         ; A[7]        ; 8.343 ; 8.233 ; 8.652 ; 8.542 ;
; EN         ; B[0]        ; 8.853 ; 8.693 ; 9.113 ; 8.953 ;
; EN         ; B[1]        ; 7.430 ; 7.320 ; 7.793 ; 7.683 ;
; EN         ; B[2]        ; 8.772 ; 8.662 ; 9.032 ; 8.922 ;
; EN         ; B[3]        ; 7.734 ; 7.574 ; 8.042 ; 7.882 ;
; EN         ; B[4]        ; 8.107 ; 8.021 ; 8.463 ; 8.377 ;
; EN         ; B[5]        ; 8.116 ; 7.980 ; 8.470 ; 8.334 ;
; EN         ; B[6]        ; 7.893 ; 7.757 ; 8.252 ; 8.116 ;
; EN         ; B[7]        ; 8.853 ; 8.693 ; 9.113 ; 8.953 ;
+------------+-------------+-------+-------+-------+-------+


---------------------------------------------
; Slow 1200mV 0C Model Metastability Report ;
---------------------------------------------
No synchronizer chains to report.


--------------------------------------
; Fast 1200mV 0C Model Setup Summary ;
--------------------------------------
No paths to report.


-------------------------------------
; Fast 1200mV 0C Model Hold Summary ;
-------------------------------------
No paths to report.


-----------------------------------------
; Fast 1200mV 0C Model Recovery Summary ;
-----------------------------------------
No paths to report.


----------------------------------------
; Fast 1200mV 0C Model Removal Summary ;
----------------------------------------
No paths to report.


----------------------------------------------------
; Fast 1200mV 0C Model Minimum Pulse Width Summary ;
----------------------------------------------------
No paths to report.


+----------------------------------------------------------+
; Propagation Delay                                        ;
+------------+-------------+-------+-------+-------+-------+
; Input Port ; Output Port ; RR    ; RF    ; FR    ; FF    ;
+------------+-------------+-------+-------+-------+-------+
; A[0]       ; B[0]        ; 3.726 ;       ;       ; 4.261 ;
; A[1]       ; B[1]        ; 3.595 ;       ;       ; 4.108 ;
; A[2]       ; B[2]        ; 3.803 ;       ;       ; 4.355 ;
; A[3]       ; B[3]        ; 3.946 ;       ;       ; 4.529 ;
; A[4]       ; B[4]        ; 4.278 ;       ;       ; 4.815 ;
; A[5]       ; B[5]        ; 4.086 ;       ;       ; 4.639 ;
; A[6]       ; B[6]        ; 3.776 ;       ;       ; 4.274 ;
; A[7]       ; B[7]        ; 3.854 ;       ;       ; 4.420 ;
; B[0]       ; A[0]        ; 4.399 ;       ;       ; 4.940 ;
; B[1]       ; A[1]        ; 3.612 ;       ;       ; 4.131 ;
; B[2]       ; A[2]        ; 4.506 ;       ;       ; 5.098 ;
; B[3]       ; A[3]        ; 3.857 ;       ;       ; 4.408 ;
; B[4]       ; A[4]        ; 3.829 ;       ;       ; 4.365 ;
; B[5]       ; A[5]        ; 3.987 ;       ;       ; 4.567 ;
; B[6]       ; A[6]        ; 3.778 ;       ;       ; 4.277 ;
; B[7]       ; A[7]        ; 3.813 ;       ;       ; 4.352 ;
; DIR        ; A[0]        ; 6.527 ; 6.483 ; 7.398 ; 7.354 ;
; DIR        ; A[1]        ; 5.247 ; 5.202 ; 5.997 ; 5.952 ;
; DIR        ; A[2]        ; 6.448 ; 6.404 ; 7.294 ; 7.250 ;
; DIR        ; A[3]        ; 5.287 ; 5.247 ; 6.035 ; 5.995 ;
; DIR        ; A[4]        ; 5.253 ; 5.213 ; 6.006 ; 5.966 ;
; DIR        ; A[5]        ; 6.159 ; 6.119 ; 7.066 ; 7.026 ;
; DIR        ; A[6]        ; 5.715 ; 5.633 ; 6.509 ; 6.427 ;
; DIR        ; A[7]        ; 5.813 ; 5.768 ; 6.659 ; 6.614 ;
; DIR        ; B[0]        ; 6.114 ; 6.074 ; 7.011 ; 6.971 ;
; DIR        ; B[1]        ; 5.247 ; 5.202 ; 5.997 ; 5.952 ;
; DIR        ; B[2]        ; 6.083 ; 6.038 ; 6.983 ; 6.938 ;
; DIR        ; B[3]        ; 5.410 ; 5.370 ; 6.201 ; 6.161 ;
; DIR        ; B[4]        ; 5.827 ; 5.783 ; 6.578 ; 6.534 ;
; DIR        ; B[5]        ; 5.715 ; 5.633 ; 6.509 ; 6.427 ;
; DIR        ; B[6]        ; 5.572 ; 5.490 ; 6.347 ; 6.265 ;
; DIR        ; B[7]        ; 6.114 ; 6.074 ; 7.011 ; 6.971 ;
; EN         ; A[0]        ; 6.640 ; 6.596 ; 6.947 ; 6.903 ;
; EN         ; A[1]        ; 5.239 ; 5.194 ; 5.667 ; 5.622 ;
; EN         ; A[2]        ; 6.536 ; 6.492 ; 6.868 ; 6.824 ;
; EN         ; A[3]        ; 5.277 ; 5.237 ; 5.707 ; 5.667 ;
; EN         ; A[4]        ; 5.248 ; 5.208 ; 5.673 ; 5.633 ;
; EN         ; A[5]        ; 6.308 ; 6.268 ; 6.579 ; 6.539 ;
; EN         ; A[6]        ; 5.751 ; 5.669 ; 6.135 ; 6.053 ;
; EN         ; A[7]        ; 5.901 ; 5.856 ; 6.233 ; 6.188 ;
; EN         ; B[0]        ; 6.253 ; 6.213 ; 6.534 ; 6.494 ;
; EN         ; B[1]        ; 5.239 ; 5.194 ; 5.667 ; 5.622 ;
; EN         ; B[2]        ; 6.225 ; 6.180 ; 6.503 ; 6.458 ;
; EN         ; B[3]        ; 5.443 ; 5.403 ; 5.830 ; 5.790 ;
; EN         ; B[4]        ; 5.820 ; 5.776 ; 6.247 ; 6.203 ;
; EN         ; B[5]        ; 5.751 ; 5.669 ; 6.135 ; 6.053 ;
; EN         ; B[6]        ; 5.589 ; 5.507 ; 5.992 ; 5.910 ;
; EN         ; B[7]        ; 6.253 ; 6.213 ; 6.534 ; 6.494 ;
+------------+-------------+-------+-------+-------+-------+


+----------------------------------------------------------+
; Minimum Propagation Delay                                ;
+------------+-------------+-------+-------+-------+-------+
; Input Port ; Output Port ; RR    ; RF    ; FR    ; FF    ;
+------------+-------------+-------+-------+-------+-------+
; A[0]       ; B[0]        ; 3.602 ;       ;       ; 4.131 ;
; A[1]       ; B[1]        ; 3.475 ;       ;       ; 3.982 ;
; A[2]       ; B[2]        ; 3.674 ;       ;       ; 4.218 ;
; A[3]       ; B[3]        ; 3.816 ;       ;       ; 4.391 ;
; A[4]       ; B[4]        ; 4.156 ;       ;       ; 4.687 ;
; A[5]       ; B[5]        ; 3.951 ;       ;       ; 4.495 ;
; A[6]       ; B[6]        ; 3.653 ;       ;       ; 4.144 ;
; A[7]       ; B[7]        ; 3.725 ;       ;       ; 4.284 ;
; B[0]       ; A[0]        ; 4.272 ;       ;       ; 4.806 ;
; B[1]       ; A[1]        ; 3.491 ;       ;       ; 4.004 ;
; B[2]       ; A[2]        ; 4.374 ;       ;       ; 4.958 ;
; B[3]       ; A[3]        ; 3.730 ;       ;       ; 4.274 ;
; B[4]       ; A[4]        ; 3.702 ;       ;       ; 4.232 ;
; B[5]       ; A[5]        ; 3.854 ;       ;       ; 4.426 ;
; B[6]       ; A[6]        ; 3.655 ;       ;       ; 4.146 ;
; B[7]       ; A[7]        ; 3.684 ;       ;       ; 4.216 ;
; DIR        ; A[0]        ; 6.266 ; 6.222 ; 7.104 ; 7.060 ;
; DIR        ; A[1]        ; 5.012 ; 4.967 ; 5.734 ; 5.689 ;
; DIR        ; A[2]        ; 6.190 ; 6.146 ; 7.005 ; 6.961 ;
; DIR        ; A[3]        ; 5.053 ; 5.013 ; 5.772 ; 5.732 ;
; DIR        ; A[4]        ; 5.020 ; 4.980 ; 5.744 ; 5.704 ;
; DIR        ; A[5]        ; 5.890 ; 5.850 ; 6.762 ; 6.722 ;
; DIR        ; A[6]        ; 5.482 ; 5.400 ; 6.246 ; 6.164 ;
; DIR        ; A[7]        ; 5.555 ; 5.510 ; 6.370 ; 6.325 ;
; DIR        ; B[0]        ; 5.847 ; 5.807 ; 6.710 ; 6.670 ;
; DIR        ; B[1]        ; 5.012 ; 4.967 ; 5.734 ; 5.689 ;
; DIR        ; B[2]        ; 5.815 ; 5.770 ; 6.680 ; 6.635 ;
; DIR        ; B[3]        ; 5.170 ; 5.130 ; 5.932 ; 5.892 ;
; DIR        ; B[4]        ; 5.594 ; 5.550 ; 6.317 ; 6.273 ;
; DIR        ; B[5]        ; 5.482 ; 5.400 ; 6.246 ; 6.164 ;
; DIR        ; B[6]        ; 5.344 ; 5.262 ; 6.090 ; 6.008 ;
; DIR        ; B[7]        ; 5.847 ; 5.807 ; 6.710 ; 6.670 ;
; EN         ; A[0]        ; 6.406 ; 6.362 ; 6.717 ; 6.673 ;
; EN         ; A[1]        ; 5.036 ; 4.991 ; 5.463 ; 5.418 ;
; EN         ; A[2]        ; 6.307 ; 6.263 ; 6.641 ; 6.597 ;
; EN         ; A[3]        ; 5.074 ; 5.034 ; 5.504 ; 5.464 ;
; EN         ; A[4]        ; 5.046 ; 5.006 ; 5.471 ; 5.431 ;
; EN         ; A[5]        ; 6.064 ; 6.024 ; 6.341 ; 6.301 ;
; EN         ; A[6]        ; 5.548 ; 5.466 ; 5.933 ; 5.851 ;
; EN         ; A[7]        ; 5.672 ; 5.627 ; 6.006 ; 5.961 ;
; EN         ; B[0]        ; 6.012 ; 5.972 ; 6.298 ; 6.258 ;
; EN         ; B[1]        ; 5.036 ; 4.991 ; 5.463 ; 5.418 ;
; EN         ; B[2]        ; 5.982 ; 5.937 ; 6.266 ; 6.221 ;
; EN         ; B[3]        ; 5.234 ; 5.194 ; 5.621 ; 5.581 ;
; EN         ; B[4]        ; 5.619 ; 5.575 ; 6.045 ; 6.001 ;
; EN         ; B[5]        ; 5.548 ; 5.466 ; 5.933 ; 5.851 ;
; EN         ; B[6]        ; 5.392 ; 5.310 ; 5.795 ; 5.713 ;
; EN         ; B[7]        ; 6.012 ; 5.972 ; 6.298 ; 6.258 ;
+------------+-------------+-------+-------+-------+-------+


---------------------------------------------
; Fast 1200mV 0C Model Metastability Report ;
---------------------------------------------
No synchronizer chains to report.


+----------------------------------------------------------------------------+
; Multicorner Timing Analysis Summary                                        ;
+------------------+-------+------+----------+---------+---------------------+
; Clock            ; Setup ; Hold ; Recovery ; Removal ; Minimum Pulse Width ;
+------------------+-------+------+----------+---------+---------------------+
; Worst-case Slack ; N/A   ; N/A  ; N/A      ; N/A     ; N/A                 ;
; Design-wide TNS  ; 0.0   ; 0.0  ; 0.0      ; 0.0     ; 0.0                 ;
+------------------+-------+------+----------+---------+---------------------+


+--------------------------------------------------------------+
; Propagation Delay                                            ;
+------------+-------------+--------+--------+--------+--------+
; Input Port ; Output Port ; RR     ; RF     ; FR     ; FF     ;
+------------+-------------+--------+--------+--------+--------+
; A[0]       ; B[0]        ; 6.372  ;        ;        ; 6.665  ;
; A[1]       ; B[1]        ; 6.150  ;        ;        ; 6.445  ;
; A[2]       ; B[2]        ; 6.501  ;        ;        ; 6.835  ;
; A[3]       ; B[3]        ; 6.712  ;        ;        ; 7.054  ;
; A[4]       ; B[4]        ; 7.079  ;        ;        ; 7.433  ;
; A[5]       ; B[5]        ; 6.858  ;        ;        ; 7.257  ;
; A[6]       ; B[6]        ; 6.348  ;        ;        ; 6.689  ;
; A[7]       ; B[7]        ; 6.601  ;        ;        ; 6.931  ;
; B[0]       ; A[0]        ; 7.317  ;        ;        ; 7.650  ;
; B[1]       ; A[1]        ; 6.176  ;        ;        ; 6.480  ;
; B[2]       ; A[2]        ; 7.456  ;        ;        ; 7.874  ;
; B[3]       ; A[3]        ; 6.570  ;        ;        ; 6.877  ;
; B[4]       ; A[4]        ; 6.544  ;        ;        ; 6.823  ;
; B[5]       ; A[5]        ; 6.812  ;        ;        ; 7.159  ;
; B[6]       ; A[6]        ; 6.351  ;        ;        ; 6.693  ;
; B[7]       ; A[7]        ; 6.529  ;        ;        ; 6.825  ;
; DIR        ; A[0]        ; 10.970 ; 10.874 ; 11.636 ; 11.540 ;
; DIR        ; A[1]        ; 9.036  ; 8.888  ; 9.545  ; 9.397  ;
; DIR        ; A[2]        ; 10.851 ; 10.755 ; 11.466 ; 11.370 ;
; DIR        ; A[3]        ; 9.101  ; 8.944  ; 9.611  ; 9.454  ;
; DIR        ; A[4]        ; 9.069  ; 8.912  ; 9.579  ; 9.422  ;
; DIR        ; A[5]        ; 10.557 ; 10.400 ; 11.240 ; 11.083 ;
; DIR        ; A[6]        ; 9.741  ; 9.619  ; 10.273 ; 10.151 ;
; DIR        ; A[7]        ; 9.999  ; 9.851  ; 10.614 ; 10.466 ;
; DIR        ; B[0]        ; 10.489 ; 10.332 ; 11.159 ; 11.002 ;
; DIR        ; B[1]        ; 9.036  ; 8.888  ; 9.545  ; 9.397  ;
; DIR        ; B[2]        ; 10.430 ; 10.282 ; 11.104 ; 10.956 ;
; DIR        ; B[3]        ; 9.283  ; 9.126  ; 9.856  ; 9.699  ;
; DIR        ; B[4]        ; 9.815  ; 9.719  ; 10.327 ; 10.231 ;
; DIR        ; B[5]        ; 9.741  ; 9.619  ; 10.273 ; 10.151 ;
; DIR        ; B[6]        ; 9.491  ; 9.369  ; 10.010 ; 9.888  ;
; DIR        ; B[7]        ; 10.489 ; 10.332 ; 11.159 ; 11.002 ;
; EN         ; A[0]        ; 10.878 ; 10.782 ; 11.114 ; 11.018 ;
; EN         ; A[1]        ; 8.787  ; 8.639  ; 9.180  ; 9.032  ;
; EN         ; A[2]        ; 10.708 ; 10.612 ; 10.995 ; 10.899 ;
; EN         ; A[3]        ; 8.853  ; 8.696  ; 9.245  ; 9.088  ;
; EN         ; A[4]        ; 8.821  ; 8.664  ; 9.213  ; 9.056  ;
; EN         ; A[5]        ; 10.482 ; 10.325 ; 10.701 ; 10.544 ;
; EN         ; A[6]        ; 9.515  ; 9.393  ; 9.885  ; 9.763  ;
; EN         ; A[7]        ; 9.856  ; 9.708  ; 10.143 ; 9.995  ;
; EN         ; B[0]        ; 10.401 ; 10.244 ; 10.633 ; 10.476 ;
; EN         ; B[1]        ; 8.787  ; 8.639  ; 9.180  ; 9.032  ;
; EN         ; B[2]        ; 10.346 ; 10.198 ; 10.574 ; 10.426 ;
; EN         ; B[3]        ; 9.098  ; 8.941  ; 9.427  ; 9.270  ;
; EN         ; B[4]        ; 9.569  ; 9.473  ; 9.959  ; 9.863  ;
; EN         ; B[5]        ; 9.515  ; 9.393  ; 9.885  ; 9.763  ;
; EN         ; B[6]        ; 9.252  ; 9.130  ; 9.635  ; 9.513  ;
; EN         ; B[7]        ; 10.401 ; 10.244 ; 10.633 ; 10.476 ;
+------------+-------------+--------+--------+--------+--------+


+----------------------------------------------------------+
; Minimum Propagation Delay                                ;
+------------+-------------+-------+-------+-------+-------+
; Input Port ; Output Port ; RR    ; RF    ; FR    ; FF    ;
+------------+-------------+-------+-------+-------+-------+
; A[0]       ; B[0]        ; 3.602 ;       ;       ; 4.131 ;
; A[1]       ; B[1]        ; 3.475 ;       ;       ; 3.982 ;
; A[2]       ; B[2]        ; 3.674 ;       ;       ; 4.218 ;
; A[3]       ; B[3]        ; 3.816 ;       ;       ; 4.391 ;
; A[4]       ; B[4]        ; 4.156 ;       ;       ; 4.687 ;
; A[5]       ; B[5]        ; 3.951 ;       ;       ; 4.495 ;
; A[6]       ; B[6]        ; 3.653 ;       ;       ; 4.144 ;
; A[7]       ; B[7]        ; 3.725 ;       ;       ; 4.284 ;
; B[0]       ; A[0]        ; 4.272 ;       ;       ; 4.806 ;
; B[1]       ; A[1]        ; 3.491 ;       ;       ; 4.004 ;
; B[2]       ; A[2]        ; 4.374 ;       ;       ; 4.958 ;
; B[3]       ; A[3]        ; 3.730 ;       ;       ; 4.274 ;
; B[4]       ; A[4]        ; 3.702 ;       ;       ; 4.232 ;
; B[5]       ; A[5]        ; 3.854 ;       ;       ; 4.426 ;
; B[6]       ; A[6]        ; 3.655 ;       ;       ; 4.146 ;
; B[7]       ; A[7]        ; 3.684 ;       ;       ; 4.216 ;
; DIR        ; A[0]        ; 6.266 ; 6.222 ; 7.104 ; 7.060 ;
; DIR        ; A[1]        ; 5.012 ; 4.967 ; 5.734 ; 5.689 ;
; DIR        ; A[2]        ; 6.190 ; 6.146 ; 7.005 ; 6.961 ;
; DIR        ; A[3]        ; 5.053 ; 5.013 ; 5.772 ; 5.732 ;
; DIR        ; A[4]        ; 5.020 ; 4.980 ; 5.744 ; 5.704 ;
; DIR        ; A[5]        ; 5.890 ; 5.850 ; 6.762 ; 6.722 ;
; DIR        ; A[6]        ; 5.482 ; 5.400 ; 6.246 ; 6.164 ;
; DIR        ; A[7]        ; 5.555 ; 5.510 ; 6.370 ; 6.325 ;
; DIR        ; B[0]        ; 5.847 ; 5.807 ; 6.710 ; 6.670 ;
; DIR        ; B[1]        ; 5.012 ; 4.967 ; 5.734 ; 5.689 ;
; DIR        ; B[2]        ; 5.815 ; 5.770 ; 6.680 ; 6.635 ;
; DIR        ; B[3]        ; 5.170 ; 5.130 ; 5.932 ; 5.892 ;
; DIR        ; B[4]        ; 5.594 ; 5.550 ; 6.317 ; 6.273 ;
; DIR        ; B[5]        ; 5.482 ; 5.400 ; 6.246 ; 6.164 ;
; DIR        ; B[6]        ; 5.344 ; 5.262 ; 6.090 ; 6.008 ;
; DIR        ; B[7]        ; 5.847 ; 5.807 ; 6.710 ; 6.670 ;
; EN         ; A[0]        ; 6.406 ; 6.362 ; 6.717 ; 6.673 ;
; EN         ; A[1]        ; 5.036 ; 4.991 ; 5.463 ; 5.418 ;
; EN         ; A[2]        ; 6.307 ; 6.263 ; 6.641 ; 6.597 ;
; EN         ; A[3]        ; 5.074 ; 5.034 ; 5.504 ; 5.464 ;
; EN         ; A[4]        ; 5.046 ; 5.006 ; 5.471 ; 5.431 ;
; EN         ; A[5]        ; 6.064 ; 6.024 ; 6.341 ; 6.301 ;
; EN         ; A[6]        ; 5.548 ; 5.466 ; 5.933 ; 5.851 ;
; EN         ; A[7]        ; 5.672 ; 5.627 ; 6.006 ; 5.961 ;
; EN         ; B[0]        ; 6.012 ; 5.972 ; 6.298 ; 6.258 ;
; EN         ; B[1]        ; 5.036 ; 4.991 ; 5.463 ; 5.418 ;
; EN         ; B[2]        ; 5.982 ; 5.937 ; 6.266 ; 6.221 ;
; EN         ; B[3]        ; 5.234 ; 5.194 ; 5.621 ; 5.581 ;
; EN         ; B[4]        ; 5.619 ; 5.575 ; 6.045 ; 6.001 ;
; EN         ; B[5]        ; 5.548 ; 5.466 ; 5.933 ; 5.851 ;
; EN         ; B[6]        ; 5.392 ; 5.310 ; 5.795 ; 5.713 ;
; EN         ; B[7]        ; 6.012 ; 5.972 ; 6.298 ; 6.258 ;
+------------+-------------+-------+-------+-------+-------+


+------------------------------------------------------------------------------------------------------------------------------------------------------------------------------------------------------------------------------------------------------------------------------------------------------------------------------------------------------------------------------------------------------------------+
; Board Trace Model Assignments                                                                                                                                                                                                                                                                                                                                                                                    ;
+---------------+--------------+-------------------+-------------------------+-------------------------+---------------+---------------------+----------------+------------------+--------+------------------+------------------------+------------------------+--------------+---------------+-----------------+-------+---------------------+--------------------+---------------+-----------------+-------------+
; Pin           ; I/O Standard ; Near Tline Length ; Near Tline L per Length ; Near Tline C per Length ; Near Series R ; Near Differential R ; Near Pull-up R ; Near Pull-down R ; Near C ; Far Tline Length ; Far Tline L per Length ; Far Tline C per Length ; Far Series R ; Far Pull-up R ; Far Pull-down R ; Far C ; Termination Voltage ; Far Differential R ; EBD File Name ; EBD Signal Name ; EBD Far-end ;
+---------------+--------------+-------------------+-------------------------+-------------------------+---------------+---------------------+----------------+------------------+--------+------------------+------------------------+------------------------+--------------+---------------+-----------------+-------+---------------------+--------------------+---------------+-----------------+-------------+
; A[0]          ; 2.5 V        ; 0 in              ; 0 H/in                  ; 0 F/in                  ; short         ; -                   ; open           ; open             ; open   ; 0 in             ; 0 H/in                 ; 0 F/in                 ; short        ; open          ; open            ; open  ; 0 V                 ; -                  ; n/a           ; n/a             ; n/a         ;
; A[1]          ; 2.5 V        ; 0 in              ; 0 H/in                  ; 0 F/in                  ; short         ; -                   ; open           ; open             ; open   ; 0 in             ; 0 H/in                 ; 0 F/in                 ; short        ; open          ; open            ; open  ; 0 V                 ; -                  ; n/a           ; n/a             ; n/a         ;
; A[2]          ; 2.5 V        ; 0 in              ; 0 H/in                  ; 0 F/in                  ; short         ; -                   ; open           ; open             ; open   ; 0 in             ; 0 H/in                 ; 0 F/in                 ; short        ; open          ; open            ; open  ; 0 V                 ; -                  ; n/a           ; n/a             ; n/a         ;
; A[3]          ; 2.5 V        ; 0 in              ; 0 H/in                  ; 0 F/in                  ; short         ; -                   ; open           ; open             ; open   ; 0 in             ; 0 H/in                 ; 0 F/in                 ; short        ; open          ; open            ; open  ; 0 V                 ; -                  ; n/a           ; n/a             ; n/a         ;
; A[4]          ; 2.5 V        ; 0 in              ; 0 H/in                  ; 0 F/in                  ; short         ; -                   ; open           ; open             ; open   ; 0 in             ; 0 H/in                 ; 0 F/in                 ; short        ; open          ; open            ; open  ; 0 V                 ; -                  ; n/a           ; n/a             ; n/a         ;
; A[5]          ; 2.5 V        ; 0 in              ; 0 H/in                  ; 0 F/in                  ; short         ; -                   ; open           ; open             ; open   ; 0 in             ; 0 H/in                 ; 0 F/in                 ; short        ; open          ; open            ; open  ; 0 V                 ; -                  ; n/a           ; n/a             ; n/a         ;
; A[6]          ; 2.5 V        ; 0 in              ; 0 H/in                  ; 0 F/in                  ; short         ; -                   ; open           ; open             ; open   ; 0 in             ; 0 H/in                 ; 0 F/in                 ; short        ; open          ; open            ; open  ; 0 V                 ; -                  ; n/a           ; n/a             ; n/a         ;
; A[7]          ; 2.5 V        ; 0 in              ; 0 H/in                  ; 0 F/in                  ; short         ; -                   ; open           ; open             ; open   ; 0 in             ; 0 H/in                 ; 0 F/in                 ; short        ; open          ; open            ; open  ; 0 V                 ; -                  ; n/a           ; n/a             ; n/a         ;
; B[0]          ; 2.5 V        ; 0 in              ; 0 H/in                  ; 0 F/in                  ; short         ; -                   ; open           ; open             ; open   ; 0 in             ; 0 H/in                 ; 0 F/in                 ; short        ; open          ; open            ; open  ; 0 V                 ; -                  ; n/a           ; n/a             ; n/a         ;
; B[1]          ; 2.5 V        ; 0 in              ; 0 H/in                  ; 0 F/in                  ; short         ; -                   ; open           ; open             ; open   ; 0 in             ; 0 H/in                 ; 0 F/in                 ; short        ; open          ; open            ; open  ; 0 V                 ; -                  ; n/a           ; n/a             ; n/a         ;
; B[2]          ; 2.5 V        ; 0 in              ; 0 H/in                  ; 0 F/in                  ; short         ; -                   ; open           ; open             ; open   ; 0 in             ; 0 H/in                 ; 0 F/in                 ; short        ; open          ; open            ; open  ; 0 V                 ; -                  ; n/a           ; n/a             ; n/a         ;
; B[3]          ; 2.5 V        ; 0 in              ; 0 H/in                  ; 0 F/in                  ; short         ; -                   ; open           ; open             ; open   ; 0 in             ; 0 H/in                 ; 0 F/in                 ; short        ; open          ; open            ; open  ; 0 V                 ; -                  ; n/a           ; n/a             ; n/a         ;
; B[4]          ; 2.5 V        ; 0 in              ; 0 H/in                  ; 0 F/in                  ; short         ; -                   ; open           ; open             ; open   ; 0 in             ; 0 H/in                 ; 0 F/in                 ; short        ; open          ; open            ; open  ; 0 V                 ; -                  ; n/a           ; n/a             ; n/a         ;
; B[5]          ; 2.5 V        ; 0 in              ; 0 H/in                  ; 0 F/in                  ; short         ; -                   ; open           ; open             ; open   ; 0 in             ; 0 H/in                 ; 0 F/in                 ; short        ; open          ; open            ; open  ; 0 V                 ; -                  ; n/a           ; n/a             ; n/a         ;
; B[6]          ; 2.5 V        ; 0 in              ; 0 H/in                  ; 0 F/in                  ; short         ; -                   ; open           ; open             ; open   ; 0 in             ; 0 H/in                 ; 0 F/in                 ; short        ; open          ; open            ; open  ; 0 V                 ; -                  ; n/a           ; n/a             ; n/a         ;
; B[7]          ; 2.5 V        ; 0 in              ; 0 H/in                  ; 0 F/in                  ; short         ; -                   ; open           ; open             ; open   ; 0 in             ; 0 H/in                 ; 0 F/in                 ; short        ; open          ; open            ; open  ; 0 V                 ; -                  ; n/a           ; n/a             ; n/a         ;
; ~ALTERA_NCEO~ ; 2.5 V        ; 0 in              ; 0 H/in                  ; 0 F/in                  ; short         ; -                   ; open           ; open             ; open   ; 0 in             ; 0 H/in                 ; 0 F/in                 ; short        ; open          ; open            ; open  ; 0 V                 ; -                  ; n/a           ; n/a             ; n/a         ;
; ~ALTERA_DCLK~ ; 2.5 V        ; 0 in              ; 0 H/in                  ; 0 F/in                  ; short         ; -                   ; open           ; open             ; open   ; 0 in             ; 0 H/in                 ; 0 F/in                 ; short        ; open          ; open            ; open  ; 0 V                 ; -                  ; n/a           ; n/a             ; n/a         ;
+---------------+--------------+-------------------+-------------------------+-------------------------+---------------+---------------------+----------------+------------------+--------+------------------+------------------------+------------------------+--------------+---------------+-----------------+-------+---------------------+--------------------+---------------+-----------------+-------------+


+-------------------------------------------------------------------+
; Input Transition Times                                            ;
+----------------+--------------+-----------------+-----------------+
; Pin            ; I/O Standard ; 10-90 Rise Time ; 90-10 Fall Time ;
+----------------+--------------+-----------------+-----------------+
; A[0]           ; 2.5 V        ; 2000 ps         ; 2000 ps         ;
; A[1]           ; 2.5 V        ; 2000 ps         ; 2000 ps         ;
; A[2]           ; 2.5 V        ; 2000 ps         ; 2000 ps         ;
; A[3]           ; 2.5 V        ; 2000 ps         ; 2000 ps         ;
; A[4]           ; 2.5 V        ; 2000 ps         ; 2000 ps         ;
; A[5]           ; 2.5 V        ; 2000 ps         ; 2000 ps         ;
; A[6]           ; 2.5 V        ; 2000 ps         ; 2000 ps         ;
; A[7]           ; 2.5 V        ; 2000 ps         ; 2000 ps         ;
; B[0]           ; 2.5 V        ; 2000 ps         ; 2000 ps         ;
; B[1]           ; 2.5 V        ; 2000 ps         ; 2000 ps         ;
; B[2]           ; 2.5 V        ; 2000 ps         ; 2000 ps         ;
; B[3]           ; 2.5 V        ; 2000 ps         ; 2000 ps         ;
; B[4]           ; 2.5 V        ; 2000 ps         ; 2000 ps         ;
; B[5]           ; 2.5 V        ; 2000 ps         ; 2000 ps         ;
; B[6]           ; 2.5 V        ; 2000 ps         ; 2000 ps         ;
; B[7]           ; 2.5 V        ; 2000 ps         ; 2000 ps         ;
; DIR            ; 2.5 V        ; 2000 ps         ; 2000 ps         ;
; EN             ; 2.5 V        ; 2000 ps         ; 2000 ps         ;
; ~ALTERA_DATA0~ ; 2.5 V        ; 2000 ps         ; 2000 ps         ;
; ~ALTERA_ASDO~  ; 2.5 V        ; 2000 ps         ; 2000 ps         ;
; ~ALTERA_NCSO~  ; 2.5 V        ; 2000 ps         ; 2000 ps         ;
+----------------+--------------+-----------------+-----------------+


+--------------------------------------------------------------------------------------------------------------------------------------------------------------------------------------------------------------------------------------------------------------------------------------------------------------------------------------------------------------------------------------------------------------------------------------------------------------------------------------------------------------------------------------------------------------------------------------------------------------------------------------------------------------------------------------------+
; Signal Integrity Metrics (Slow 1200mv 0c Model)                                                                                                                                                                                                                                                                                                                                                                                                                                                                                                                                                                                                                                            ;
+---------------+--------------+---------------------+---------------------+------------------------------+------------------------------+---------------------+---------------------+--------------------------------------+--------------------------------------+-----------------------------+-----------------------------+----------------------------+----------------------------+-----------------------------+-----------------------------+--------------------+--------------------+-------------------------------------+-------------------------------------+----------------------------+----------------------------+---------------------------+---------------------------+
; Pin           ; I/O Standard ; Board Delay on Rise ; Board Delay on Fall ; Steady State Voh at FPGA Pin ; Steady State Vol at FPGA Pin ; Voh Max at FPGA Pin ; Vol Min at FPGA Pin ; Ringback Voltage on Rise at FPGA Pin ; Ringback Voltage on Fall at FPGA Pin ; 10-90 Rise Time at FPGA Pin ; 90-10 Fall Time at FPGA Pin ; Monotonic Rise at FPGA Pin ; Monotonic Fall at FPGA Pin ; Steady State Voh at Far-end ; Steady State Vol at Far-end ; Voh Max at Far-end ; Vol Min at Far-end ; Ringback Voltage on Rise at Far-end ; Ringback Voltage on Fall at Far-end ; 10-90 Rise Time at Far-end ; 90-10 Fall Time at Far-end ; Monotonic Rise at Far-end ; Monotonic Fall at Far-end ;
+---------------+--------------+---------------------+---------------------+------------------------------+------------------------------+---------------------+---------------------+--------------------------------------+--------------------------------------+-----------------------------+-----------------------------+----------------------------+----------------------------+-----------------------------+-----------------------------+--------------------+--------------------+-------------------------------------+-------------------------------------+----------------------------+----------------------------+---------------------------+---------------------------+
; A[0]          ; 2.5 V        ; 0 s                 ; 0 s                 ; 2.32 V                       ; 7.29e-09 V                   ; 2.34 V              ; -0.00668 V          ; 0.218 V                              ; 0.076 V                              ; 1.92e-09 s                  ; 1.81e-09 s                  ; No                         ; Yes                        ; 2.32 V                      ; 7.29e-09 V                  ; 2.34 V             ; -0.00668 V         ; 0.218 V                             ; 0.076 V                             ; 1.92e-09 s                 ; 1.81e-09 s                 ; No                        ; Yes                       ;
; A[1]          ; 2.5 V        ; 0 s                 ; 0 s                 ; 2.32 V                       ; 7.29e-09 V                   ; 2.39 V              ; -0.00339 V          ; 0.206 V                              ; 0.007 V                              ; 2.77e-10 s                  ; 3.24e-10 s                  ; Yes                        ; Yes                        ; 2.32 V                      ; 7.29e-09 V                  ; 2.39 V             ; -0.00339 V         ; 0.206 V                             ; 0.007 V                             ; 2.77e-10 s                 ; 3.24e-10 s                 ; Yes                       ; Yes                       ;
; A[2]          ; 2.5 V        ; 0 s                 ; 0 s                 ; 2.32 V                       ; 7.29e-09 V                   ; 2.34 V              ; -0.00668 V          ; 0.218 V                              ; 0.076 V                              ; 1.92e-09 s                  ; 1.81e-09 s                  ; No                         ; Yes                        ; 2.32 V                      ; 7.29e-09 V                  ; 2.34 V             ; -0.00668 V         ; 0.218 V                             ; 0.076 V                             ; 1.92e-09 s                 ; 1.81e-09 s                 ; No                        ; Yes                       ;
; A[3]          ; 2.5 V        ; 0 s                 ; 0 s                 ; 2.32 V                       ; 7.29e-09 V                   ; 2.39 V              ; -0.00317 V          ; 0.179 V                              ; 0.007 V                              ; 4.7e-10 s                   ; 4.72e-10 s                  ; No                         ; Yes                        ; 2.32 V                      ; 7.29e-09 V                  ; 2.39 V             ; -0.00317 V         ; 0.179 V                             ; 0.007 V                             ; 4.7e-10 s                  ; 4.72e-10 s                 ; No                        ; Yes                       ;
; A[4]          ; 2.5 V        ; 0 s                 ; 0 s                 ; 2.32 V                       ; 7.29e-09 V                   ; 2.39 V              ; -0.00317 V          ; 0.179 V                              ; 0.007 V                              ; 4.7e-10 s                   ; 4.72e-10 s                  ; No                         ; Yes                        ; 2.32 V                      ; 7.29e-09 V                  ; 2.39 V             ; -0.00317 V         ; 0.179 V                             ; 0.007 V                             ; 4.7e-10 s                  ; 4.72e-10 s                 ; No                        ; Yes                       ;
; A[5]          ; 2.5 V        ; 0 s                 ; 0 s                 ; 2.32 V                       ; 7.29e-09 V                   ; 2.39 V              ; -0.00317 V          ; 0.179 V                              ; 0.007 V                              ; 4.7e-10 s                   ; 4.72e-10 s                  ; No                         ; Yes                        ; 2.32 V                      ; 7.29e-09 V                  ; 2.39 V             ; -0.00317 V         ; 0.179 V                             ; 0.007 V                             ; 4.7e-10 s                  ; 4.72e-10 s                 ; No                        ; Yes                       ;
; A[6]          ; 2.5 V        ; 0 s                 ; 0 s                 ; 2.32 V                       ; 5.16e-09 V                   ; 2.37 V              ; -0.00861 V          ; 0.168 V                              ; 0.038 V                              ; 6.79e-10 s                  ; 6.49e-10 s                  ; No                         ; Yes                        ; 2.32 V                      ; 5.16e-09 V                  ; 2.37 V             ; -0.00861 V         ; 0.168 V                             ; 0.038 V                             ; 6.79e-10 s                 ; 6.49e-10 s                 ; No                        ; Yes                       ;
; A[7]          ; 2.5 V        ; 0 s                 ; 0 s                 ; 2.32 V                       ; 7.29e-09 V                   ; 2.39 V              ; -0.00339 V          ; 0.206 V                              ; 0.007 V                              ; 2.77e-10 s                  ; 3.24e-10 s                  ; Yes                        ; Yes                        ; 2.32 V                      ; 7.29e-09 V                  ; 2.39 V             ; -0.00339 V         ; 0.206 V                             ; 0.007 V                             ; 2.77e-10 s                 ; 3.24e-10 s                 ; Yes                       ; Yes                       ;
; B[0]          ; 2.5 V        ; 0 s                 ; 0 s                 ; 2.32 V                       ; 7.29e-09 V                   ; 2.39 V              ; -0.00317 V          ; 0.179 V                              ; 0.007 V                              ; 4.7e-10 s                   ; 4.72e-10 s                  ; No                         ; Yes                        ; 2.32 V                      ; 7.29e-09 V                  ; 2.39 V             ; -0.00317 V         ; 0.179 V                             ; 0.007 V                             ; 4.7e-10 s                  ; 4.72e-10 s                 ; No                        ; Yes                       ;
; B[1]          ; 2.5 V        ; 0 s                 ; 0 s                 ; 2.32 V                       ; 7.29e-09 V                   ; 2.39 V              ; -0.00339 V          ; 0.206 V                              ; 0.007 V                              ; 2.77e-10 s                  ; 3.24e-10 s                  ; Yes                        ; Yes                        ; 2.32 V                      ; 7.29e-09 V                  ; 2.39 V             ; -0.00339 V         ; 0.206 V                             ; 0.007 V                             ; 2.77e-10 s                 ; 3.24e-10 s                 ; Yes                       ; Yes                       ;
; B[2]          ; 2.5 V        ; 0 s                 ; 0 s                 ; 2.32 V                       ; 7.29e-09 V                   ; 2.39 V              ; -0.00339 V          ; 0.206 V                              ; 0.007 V                              ; 2.77e-10 s                  ; 3.24e-10 s                  ; Yes                        ; Yes                        ; 2.32 V                      ; 7.29e-09 V                  ; 2.39 V             ; -0.00339 V         ; 0.206 V                             ; 0.007 V                             ; 2.77e-10 s                 ; 3.24e-10 s                 ; Yes                       ; Yes                       ;
; B[3]          ; 2.5 V        ; 0 s                 ; 0 s                 ; 2.32 V                       ; 7.29e-09 V                   ; 2.39 V              ; -0.00317 V          ; 0.179 V                              ; 0.007 V                              ; 4.7e-10 s                   ; 4.72e-10 s                  ; No                         ; Yes                        ; 2.32 V                      ; 7.29e-09 V                  ; 2.39 V             ; -0.00317 V         ; 0.179 V                             ; 0.007 V                             ; 4.7e-10 s                  ; 4.72e-10 s                 ; No                        ; Yes                       ;
; B[4]          ; 2.5 V        ; 0 s                 ; 0 s                 ; 2.32 V                       ; 7.29e-09 V                   ; 2.34 V              ; -0.00668 V          ; 0.218 V                              ; 0.076 V                              ; 1.92e-09 s                  ; 1.81e-09 s                  ; No                         ; Yes                        ; 2.32 V                      ; 7.29e-09 V                  ; 2.34 V             ; -0.00668 V         ; 0.218 V                             ; 0.076 V                             ; 1.92e-09 s                 ; 1.81e-09 s                 ; No                        ; Yes                       ;
; B[5]          ; 2.5 V        ; 0 s                 ; 0 s                 ; 2.32 V                       ; 5.16e-09 V                   ; 2.37 V              ; -0.00861 V          ; 0.168 V                              ; 0.038 V                              ; 6.79e-10 s                  ; 6.49e-10 s                  ; No                         ; Yes                        ; 2.32 V                      ; 5.16e-09 V                  ; 2.37 V             ; -0.00861 V         ; 0.168 V                             ; 0.038 V                             ; 6.79e-10 s                 ; 6.49e-10 s                 ; No                        ; Yes                       ;
; B[6]          ; 2.5 V        ; 0 s                 ; 0 s                 ; 2.32 V                       ; 5.16e-09 V                   ; 2.37 V              ; -0.00861 V          ; 0.168 V                              ; 0.038 V                              ; 6.79e-10 s                  ; 6.49e-10 s                  ; No                         ; Yes                        ; 2.32 V                      ; 5.16e-09 V                  ; 2.37 V             ; -0.00861 V         ; 0.168 V                             ; 0.038 V                             ; 6.79e-10 s                 ; 6.49e-10 s                 ; No                        ; Yes                       ;
; B[7]          ; 2.5 V        ; 0 s                 ; 0 s                 ; 2.32 V                       ; 7.29e-09 V                   ; 2.39 V              ; -0.00317 V          ; 0.179 V                              ; 0.007 V                              ; 4.7e-10 s                   ; 4.72e-10 s                  ; No                         ; Yes                        ; 2.32 V                      ; 7.29e-09 V                  ; 2.39 V             ; -0.00317 V         ; 0.179 V                             ; 0.007 V                             ; 4.7e-10 s                  ; 4.72e-10 s                 ; No                        ; Yes                       ;
; ~ALTERA_NCEO~ ; 2.5 V        ; 0 s                 ; 0 s                 ; 2.32 V                       ; 4.76e-09 V                   ; 2.4 V               ; -0.034 V            ; 0.102 V                              ; 0.065 V                              ; 2.49e-10 s                  ; 3.49e-10 s                  ; Yes                        ; Yes                        ; 2.32 V                      ; 4.76e-09 V                  ; 2.4 V              ; -0.034 V           ; 0.102 V                             ; 0.065 V                             ; 2.49e-10 s                 ; 3.49e-10 s                 ; Yes                       ; Yes                       ;
; ~ALTERA_DCLK~ ; 2.5 V        ; 0 s                 ; 0 s                 ; 2.32 V                       ; 5.94e-09 V                   ; 2.39 V              ; -0.0344 V           ; 0.156 V                              ; 0.089 V                              ; 2.68e-10 s                  ; 2.6e-10 s                   ; Yes                        ; Yes                        ; 2.32 V                      ; 5.94e-09 V                  ; 2.39 V             ; -0.0344 V          ; 0.156 V                             ; 0.089 V                             ; 2.68e-10 s                 ; 2.6e-10 s                  ; Yes                       ; Yes                       ;
+---------------+--------------+---------------------+---------------------+------------------------------+------------------------------+---------------------+---------------------+--------------------------------------+--------------------------------------+-----------------------------+-----------------------------+----------------------------+----------------------------+-----------------------------+-----------------------------+--------------------+--------------------+-------------------------------------+-------------------------------------+----------------------------+----------------------------+---------------------------+---------------------------+


+--------------------------------------------------------------------------------------------------------------------------------------------------------------------------------------------------------------------------------------------------------------------------------------------------------------------------------------------------------------------------------------------------------------------------------------------------------------------------------------------------------------------------------------------------------------------------------------------------------------------------------------------------------------------------------------------+
; Signal Integrity Metrics (Slow 1200mv 85c Model)                                                                                                                                                                                                                                                                                                                                                                                                                                                                                                                                                                                                                                           ;
+---------------+--------------+---------------------+---------------------+------------------------------+------------------------------+---------------------+---------------------+--------------------------------------+--------------------------------------+-----------------------------+-----------------------------+----------------------------+----------------------------+-----------------------------+-----------------------------+--------------------+--------------------+-------------------------------------+-------------------------------------+----------------------------+----------------------------+---------------------------+---------------------------+
; Pin           ; I/O Standard ; Board Delay on Rise ; Board Delay on Fall ; Steady State Voh at FPGA Pin ; Steady State Vol at FPGA Pin ; Voh Max at FPGA Pin ; Vol Min at FPGA Pin ; Ringback Voltage on Rise at FPGA Pin ; Ringback Voltage on Fall at FPGA Pin ; 10-90 Rise Time at FPGA Pin ; 90-10 Fall Time at FPGA Pin ; Monotonic Rise at FPGA Pin ; Monotonic Fall at FPGA Pin ; Steady State Voh at Far-end ; Steady State Vol at Far-end ; Voh Max at Far-end ; Vol Min at Far-end ; Ringback Voltage on Rise at Far-end ; Ringback Voltage on Fall at Far-end ; 10-90 Rise Time at Far-end ; 90-10 Fall Time at Far-end ; Monotonic Rise at Far-end ; Monotonic Fall at Far-end ;
+---------------+--------------+---------------------+---------------------+------------------------------+------------------------------+---------------------+---------------------+--------------------------------------+--------------------------------------+-----------------------------+-----------------------------+----------------------------+----------------------------+-----------------------------+-----------------------------+--------------------+--------------------+-------------------------------------+-------------------------------------+----------------------------+----------------------------+---------------------------+---------------------------+
; A[0]          ; 2.5 V        ; 0 s                 ; 0 s                 ; 2.32 V                       ; 1.21e-06 V                   ; 2.33 V              ; -0.00286 V          ; 0.193 V                              ; 0.042 V                              ; 2.32e-09 s                  ; 2.21e-09 s                  ; Yes                        ; Yes                        ; 2.32 V                      ; 1.21e-06 V                  ; 2.33 V             ; -0.00286 V         ; 0.193 V                             ; 0.042 V                             ; 2.32e-09 s                 ; 2.21e-09 s                 ; Yes                       ; Yes                       ;
; A[1]          ; 2.5 V        ; 0 s                 ; 0 s                 ; 2.32 V                       ; 1.21e-06 V                   ; 2.37 V              ; -0.00606 V          ; 0.107 V                              ; 0.021 V                              ; 4.26e-10 s                  ; 4.03e-10 s                  ; Yes                        ; Yes                        ; 2.32 V                      ; 1.21e-06 V                  ; 2.37 V             ; -0.00606 V         ; 0.107 V                             ; 0.021 V                             ; 4.26e-10 s                 ; 4.03e-10 s                 ; Yes                       ; Yes                       ;
; A[2]          ; 2.5 V        ; 0 s                 ; 0 s                 ; 2.32 V                       ; 1.21e-06 V                   ; 2.33 V              ; -0.00286 V          ; 0.193 V                              ; 0.042 V                              ; 2.32e-09 s                  ; 2.21e-09 s                  ; Yes                        ; Yes                        ; 2.32 V                      ; 1.21e-06 V                  ; 2.33 V             ; -0.00286 V         ; 0.193 V                             ; 0.042 V                             ; 2.32e-09 s                 ; 2.21e-09 s                 ; Yes                       ; Yes                       ;
; A[3]          ; 2.5 V        ; 0 s                 ; 0 s                 ; 2.32 V                       ; 1.21e-06 V                   ; 2.36 V              ; -0.00833 V          ; 0.113 V                              ; 0.035 V                              ; 6.32e-10 s                  ; 5.89e-10 s                  ; No                         ; Yes                        ; 2.32 V                      ; 1.21e-06 V                  ; 2.36 V             ; -0.00833 V         ; 0.113 V                             ; 0.035 V                             ; 6.32e-10 s                 ; 5.89e-10 s                 ; No                        ; Yes                       ;
; A[4]          ; 2.5 V        ; 0 s                 ; 0 s                 ; 2.32 V                       ; 1.21e-06 V                   ; 2.36 V              ; -0.00833 V          ; 0.113 V                              ; 0.035 V                              ; 6.32e-10 s                  ; 5.89e-10 s                  ; No                         ; Yes                        ; 2.32 V                      ; 1.21e-06 V                  ; 2.36 V             ; -0.00833 V         ; 0.113 V                             ; 0.035 V                             ; 6.32e-10 s                 ; 5.89e-10 s                 ; No                        ; Yes                       ;
; A[5]          ; 2.5 V        ; 0 s                 ; 0 s                 ; 2.32 V                       ; 1.21e-06 V                   ; 2.36 V              ; -0.00833 V          ; 0.113 V                              ; 0.035 V                              ; 6.32e-10 s                  ; 5.89e-10 s                  ; No                         ; Yes                        ; 2.32 V                      ; 1.21e-06 V                  ; 2.36 V             ; -0.00833 V         ; 0.113 V                             ; 0.035 V                             ; 6.32e-10 s                 ; 5.89e-10 s                 ; No                        ; Yes                       ;
; A[6]          ; 2.5 V        ; 0 s                 ; 0 s                 ; 2.32 V                       ; 8.13e-07 V                   ; 2.35 V              ; -0.00662 V          ; 0.129 V                              ; 0.049 V                              ; 8.55e-10 s                  ; 8.01e-10 s                  ; No                         ; Yes                        ; 2.32 V                      ; 8.13e-07 V                  ; 2.35 V             ; -0.00662 V         ; 0.129 V                             ; 0.049 V                             ; 8.55e-10 s                 ; 8.01e-10 s                 ; No                        ; Yes                       ;
; A[7]          ; 2.5 V        ; 0 s                 ; 0 s                 ; 2.32 V                       ; 1.21e-06 V                   ; 2.37 V              ; -0.00606 V          ; 0.107 V                              ; 0.021 V                              ; 4.26e-10 s                  ; 4.03e-10 s                  ; Yes                        ; Yes                        ; 2.32 V                      ; 1.21e-06 V                  ; 2.37 V             ; -0.00606 V         ; 0.107 V                             ; 0.021 V                             ; 4.26e-10 s                 ; 4.03e-10 s                 ; Yes                       ; Yes                       ;
; B[0]          ; 2.5 V        ; 0 s                 ; 0 s                 ; 2.32 V                       ; 1.21e-06 V                   ; 2.36 V              ; -0.00833 V          ; 0.113 V                              ; 0.035 V                              ; 6.32e-10 s                  ; 5.89e-10 s                  ; No                         ; Yes                        ; 2.32 V                      ; 1.21e-06 V                  ; 2.36 V             ; -0.00833 V         ; 0.113 V                             ; 0.035 V                             ; 6.32e-10 s                 ; 5.89e-10 s                 ; No                        ; Yes                       ;
; B[1]          ; 2.5 V        ; 0 s                 ; 0 s                 ; 2.32 V                       ; 1.21e-06 V                   ; 2.37 V              ; -0.00606 V          ; 0.107 V                              ; 0.021 V                              ; 4.26e-10 s                  ; 4.03e-10 s                  ; Yes                        ; Yes                        ; 2.32 V                      ; 1.21e-06 V                  ; 2.37 V             ; -0.00606 V         ; 0.107 V                             ; 0.021 V                             ; 4.26e-10 s                 ; 4.03e-10 s                 ; Yes                       ; Yes                       ;
; B[2]          ; 2.5 V        ; 0 s                 ; 0 s                 ; 2.32 V                       ; 1.21e-06 V                   ; 2.37 V              ; -0.00606 V          ; 0.107 V                              ; 0.021 V                              ; 4.26e-10 s                  ; 4.03e-10 s                  ; Yes                        ; Yes                        ; 2.32 V                      ; 1.21e-06 V                  ; 2.37 V             ; -0.00606 V         ; 0.107 V                             ; 0.021 V                             ; 4.26e-10 s                 ; 4.03e-10 s                 ; Yes                       ; Yes                       ;
; B[3]          ; 2.5 V        ; 0 s                 ; 0 s                 ; 2.32 V                       ; 1.21e-06 V                   ; 2.36 V              ; -0.00833 V          ; 0.113 V                              ; 0.035 V                              ; 6.32e-10 s                  ; 5.89e-10 s                  ; No                         ; Yes                        ; 2.32 V                      ; 1.21e-06 V                  ; 2.36 V             ; -0.00833 V         ; 0.113 V                             ; 0.035 V                             ; 6.32e-10 s                 ; 5.89e-10 s                 ; No                        ; Yes                       ;
; B[4]          ; 2.5 V        ; 0 s                 ; 0 s                 ; 2.32 V                       ; 1.21e-06 V                   ; 2.33 V              ; -0.00286 V          ; 0.193 V                              ; 0.042 V                              ; 2.32e-09 s                  ; 2.21e-09 s                  ; Yes                        ; Yes                        ; 2.32 V                      ; 1.21e-06 V                  ; 2.33 V             ; -0.00286 V         ; 0.193 V                             ; 0.042 V                             ; 2.32e-09 s                 ; 2.21e-09 s                 ; Yes                       ; Yes                       ;
; B[5]          ; 2.5 V        ; 0 s                 ; 0 s                 ; 2.32 V                       ; 8.13e-07 V                   ; 2.35 V              ; -0.00662 V          ; 0.129 V                              ; 0.049 V                              ; 8.55e-10 s                  ; 8.01e-10 s                  ; No                         ; Yes                        ; 2.32 V                      ; 8.13e-07 V                  ; 2.35 V             ; -0.00662 V         ; 0.129 V                             ; 0.049 V                             ; 8.55e-10 s                 ; 8.01e-10 s                 ; No                        ; Yes                       ;
; B[6]          ; 2.5 V        ; 0 s                 ; 0 s                 ; 2.32 V                       ; 8.13e-07 V                   ; 2.35 V              ; -0.00662 V          ; 0.129 V                              ; 0.049 V                              ; 8.55e-10 s                  ; 8.01e-10 s                  ; No                         ; Yes                        ; 2.32 V                      ; 8.13e-07 V                  ; 2.35 V             ; -0.00662 V         ; 0.129 V                             ; 0.049 V                             ; 8.55e-10 s                 ; 8.01e-10 s                 ; No                        ; Yes                       ;
; B[7]          ; 2.5 V        ; 0 s                 ; 0 s                 ; 2.32 V                       ; 1.21e-06 V                   ; 2.36 V              ; -0.00833 V          ; 0.113 V                              ; 0.035 V                              ; 6.32e-10 s                  ; 5.89e-10 s                  ; No                         ; Yes                        ; 2.32 V                      ; 1.21e-06 V                  ; 2.36 V             ; -0.00833 V         ; 0.113 V                             ; 0.035 V                             ; 6.32e-10 s                 ; 5.89e-10 s                 ; No                        ; Yes                       ;
; ~ALTERA_NCEO~ ; 2.5 V        ; 0 s                 ; 0 s                 ; 2.32 V                       ; 7.93e-07 V                   ; 2.37 V              ; -0.0278 V           ; 0.106 V                              ; 0.115 V                              ; 2.69e-10 s                  ; 4.05e-10 s                  ; Yes                        ; Yes                        ; 2.32 V                      ; 7.93e-07 V                  ; 2.37 V             ; -0.0278 V          ; 0.106 V                             ; 0.115 V                             ; 2.69e-10 s                 ; 4.05e-10 s                 ; Yes                       ; Yes                       ;
; ~ALTERA_DCLK~ ; 2.5 V        ; 0 s                 ; 0 s                 ; 2.32 V                       ; 9.76e-07 V                   ; 2.36 V              ; -0.00439 V          ; 0.088 V                              ; 0.007 V                              ; 4.05e-10 s                  ; 3.35e-10 s                  ; Yes                        ; Yes                        ; 2.32 V                      ; 9.76e-07 V                  ; 2.36 V             ; -0.00439 V         ; 0.088 V                             ; 0.007 V                             ; 4.05e-10 s                 ; 3.35e-10 s                 ; Yes                       ; Yes                       ;
+---------------+--------------+---------------------+---------------------+------------------------------+------------------------------+---------------------+---------------------+--------------------------------------+--------------------------------------+-----------------------------+-----------------------------+----------------------------+----------------------------+-----------------------------+-----------------------------+--------------------+--------------------+-------------------------------------+-------------------------------------+----------------------------+----------------------------+---------------------------+---------------------------+


+--------------------------------------------------------------------------------------------------------------------------------------------------------------------------------------------------------------------------------------------------------------------------------------------------------------------------------------------------------------------------------------------------------------------------------------------------------------------------------------------------------------------------------------------------------------------------------------------------------------------------------------------------------------------------------------------+
; Signal Integrity Metrics (Fast 1200mv 0c Model)                                                                                                                                                                                                                                                                                                                                                                                                                                                                                                                                                                                                                                            ;
+---------------+--------------+---------------------+---------------------+------------------------------+------------------------------+---------------------+---------------------+--------------------------------------+--------------------------------------+-----------------------------+-----------------------------+----------------------------+----------------------------+-----------------------------+-----------------------------+--------------------+--------------------+-------------------------------------+-------------------------------------+----------------------------+----------------------------+---------------------------+---------------------------+
; Pin           ; I/O Standard ; Board Delay on Rise ; Board Delay on Fall ; Steady State Voh at FPGA Pin ; Steady State Vol at FPGA Pin ; Voh Max at FPGA Pin ; Vol Min at FPGA Pin ; Ringback Voltage on Rise at FPGA Pin ; Ringback Voltage on Fall at FPGA Pin ; 10-90 Rise Time at FPGA Pin ; 90-10 Fall Time at FPGA Pin ; Monotonic Rise at FPGA Pin ; Monotonic Fall at FPGA Pin ; Steady State Voh at Far-end ; Steady State Vol at Far-end ; Voh Max at Far-end ; Vol Min at Far-end ; Ringback Voltage on Rise at Far-end ; Ringback Voltage on Fall at Far-end ; 10-90 Rise Time at Far-end ; 90-10 Fall Time at Far-end ; Monotonic Rise at Far-end ; Monotonic Fall at Far-end ;
+---------------+--------------+---------------------+---------------------+------------------------------+------------------------------+---------------------+---------------------+--------------------------------------+--------------------------------------+-----------------------------+-----------------------------+----------------------------+----------------------------+-----------------------------+-----------------------------+--------------------+--------------------+-------------------------------------+-------------------------------------+----------------------------+----------------------------+---------------------------+---------------------------+
; A[0]          ; 2.5 V        ; 0 s                 ; 0 s                 ; 2.62 V                       ; 4.66e-08 V                   ; 2.65 V              ; -0.0115 V           ; 0.219 V                              ; 0.115 V                              ; 1.64e-09 s                  ; 1.57e-09 s                  ; No                         ; Yes                        ; 2.62 V                      ; 4.66e-08 V                  ; 2.65 V             ; -0.0115 V          ; 0.219 V                             ; 0.115 V                             ; 1.64e-09 s                 ; 1.57e-09 s                 ; No                        ; Yes                       ;
; A[1]          ; 2.5 V        ; 0 s                 ; 0 s                 ; 2.62 V                       ; 4.66e-08 V                   ; 2.73 V              ; -0.0205 V           ; 0.17 V                               ; 0.027 V                              ; 2.58e-10 s                  ; 2.57e-10 s                  ; Yes                        ; Yes                        ; 2.62 V                      ; 4.66e-08 V                  ; 2.73 V             ; -0.0205 V          ; 0.17 V                              ; 0.027 V                             ; 2.58e-10 s                 ; 2.57e-10 s                 ; Yes                       ; Yes                       ;
; A[2]          ; 2.5 V        ; 0 s                 ; 0 s                 ; 2.62 V                       ; 4.66e-08 V                   ; 2.65 V              ; -0.0115 V           ; 0.219 V                              ; 0.115 V                              ; 1.64e-09 s                  ; 1.57e-09 s                  ; No                         ; Yes                        ; 2.62 V                      ; 4.66e-08 V                  ; 2.65 V             ; -0.0115 V          ; 0.219 V                             ; 0.115 V                             ; 1.64e-09 s                 ; 1.57e-09 s                 ; No                        ; Yes                       ;
; A[3]          ; 2.5 V        ; 0 s                 ; 0 s                 ; 2.62 V                       ; 4.66e-08 V                   ; 2.72 V              ; -0.0215 V           ; 0.161 V                              ; 0.061 V                              ; 4.44e-10 s                  ; 4.06e-10 s                  ; No                         ; Yes                        ; 2.62 V                      ; 4.66e-08 V                  ; 2.72 V             ; -0.0215 V          ; 0.161 V                             ; 0.061 V                             ; 4.44e-10 s                 ; 4.06e-10 s                 ; No                        ; Yes                       ;
; A[4]          ; 2.5 V        ; 0 s                 ; 0 s                 ; 2.62 V                       ; 4.66e-08 V                   ; 2.72 V              ; -0.0215 V           ; 0.161 V                              ; 0.061 V                              ; 4.44e-10 s                  ; 4.06e-10 s                  ; No                         ; Yes                        ; 2.62 V                      ; 4.66e-08 V                  ; 2.72 V             ; -0.0215 V          ; 0.161 V                             ; 0.061 V                             ; 4.44e-10 s                 ; 4.06e-10 s                 ; No                        ; Yes                       ;
; A[5]          ; 2.5 V        ; 0 s                 ; 0 s                 ; 2.62 V                       ; 4.66e-08 V                   ; 2.72 V              ; -0.0215 V           ; 0.161 V                              ; 0.061 V                              ; 4.44e-10 s                  ; 4.06e-10 s                  ; No                         ; Yes                        ; 2.62 V                      ; 4.66e-08 V                  ; 2.72 V             ; -0.0215 V          ; 0.161 V                             ; 0.061 V                             ; 4.44e-10 s                 ; 4.06e-10 s                 ; No                        ; Yes                       ;
; A[6]          ; 2.5 V        ; 0 s                 ; 0 s                 ; 2.62 V                       ; 3.16e-08 V                   ; 2.71 V              ; -0.0171 V           ; 0.273 V                              ; 0.065 V                              ; 4.95e-10 s                  ; 5.37e-10 s                  ; No                         ; Yes                        ; 2.62 V                      ; 3.16e-08 V                  ; 2.71 V             ; -0.0171 V          ; 0.273 V                             ; 0.065 V                             ; 4.95e-10 s                 ; 5.37e-10 s                 ; No                        ; Yes                       ;
; A[7]          ; 2.5 V        ; 0 s                 ; 0 s                 ; 2.62 V                       ; 4.66e-08 V                   ; 2.73 V              ; -0.0205 V           ; 0.17 V                               ; 0.027 V                              ; 2.58e-10 s                  ; 2.57e-10 s                  ; Yes                        ; Yes                        ; 2.62 V                      ; 4.66e-08 V                  ; 2.73 V             ; -0.0205 V          ; 0.17 V                              ; 0.027 V                             ; 2.58e-10 s                 ; 2.57e-10 s                 ; Yes                       ; Yes                       ;
; B[0]          ; 2.5 V        ; 0 s                 ; 0 s                 ; 2.62 V                       ; 4.66e-08 V                   ; 2.72 V              ; -0.0215 V           ; 0.161 V                              ; 0.061 V                              ; 4.44e-10 s                  ; 4.06e-10 s                  ; No                         ; Yes                        ; 2.62 V                      ; 4.66e-08 V                  ; 2.72 V             ; -0.0215 V          ; 0.161 V                             ; 0.061 V                             ; 4.44e-10 s                 ; 4.06e-10 s                 ; No                        ; Yes                       ;
; B[1]          ; 2.5 V        ; 0 s                 ; 0 s                 ; 2.62 V                       ; 4.66e-08 V                   ; 2.73 V              ; -0.0205 V           ; 0.17 V                               ; 0.027 V                              ; 2.58e-10 s                  ; 2.57e-10 s                  ; Yes                        ; Yes                        ; 2.62 V                      ; 4.66e-08 V                  ; 2.73 V             ; -0.0205 V          ; 0.17 V                              ; 0.027 V                             ; 2.58e-10 s                 ; 2.57e-10 s                 ; Yes                       ; Yes                       ;
; B[2]          ; 2.5 V        ; 0 s                 ; 0 s                 ; 2.62 V                       ; 4.66e-08 V                   ; 2.73 V              ; -0.0205 V           ; 0.17 V                               ; 0.027 V                              ; 2.58e-10 s                  ; 2.57e-10 s                  ; Yes                        ; Yes                        ; 2.62 V                      ; 4.66e-08 V                  ; 2.73 V             ; -0.0205 V          ; 0.17 V                              ; 0.027 V                             ; 2.58e-10 s                 ; 2.57e-10 s                 ; Yes                       ; Yes                       ;
; B[3]          ; 2.5 V        ; 0 s                 ; 0 s                 ; 2.62 V                       ; 4.66e-08 V                   ; 2.72 V              ; -0.0215 V           ; 0.161 V                              ; 0.061 V                              ; 4.44e-10 s                  ; 4.06e-10 s                  ; No                         ; Yes                        ; 2.62 V                      ; 4.66e-08 V                  ; 2.72 V             ; -0.0215 V          ; 0.161 V                             ; 0.061 V                             ; 4.44e-10 s                 ; 4.06e-10 s                 ; No                        ; Yes                       ;
; B[4]          ; 2.5 V        ; 0 s                 ; 0 s                 ; 2.62 V                       ; 4.66e-08 V                   ; 2.65 V              ; -0.0115 V           ; 0.219 V                              ; 0.115 V                              ; 1.64e-09 s                  ; 1.57e-09 s                  ; No                         ; Yes                        ; 2.62 V                      ; 4.66e-08 V                  ; 2.65 V             ; -0.0115 V          ; 0.219 V                             ; 0.115 V                             ; 1.64e-09 s                 ; 1.57e-09 s                 ; No                        ; Yes                       ;
; B[5]          ; 2.5 V        ; 0 s                 ; 0 s                 ; 2.62 V                       ; 3.16e-08 V                   ; 2.71 V              ; -0.0171 V           ; 0.273 V                              ; 0.065 V                              ; 4.95e-10 s                  ; 5.37e-10 s                  ; No                         ; Yes                        ; 2.62 V                      ; 3.16e-08 V                  ; 2.71 V             ; -0.0171 V          ; 0.273 V                             ; 0.065 V                             ; 4.95e-10 s                 ; 5.37e-10 s                 ; No                        ; Yes                       ;
; B[6]          ; 2.5 V        ; 0 s                 ; 0 s                 ; 2.62 V                       ; 3.16e-08 V                   ; 2.71 V              ; -0.0171 V           ; 0.273 V                              ; 0.065 V                              ; 4.95e-10 s                  ; 5.37e-10 s                  ; No                         ; Yes                        ; 2.62 V                      ; 3.16e-08 V                  ; 2.71 V             ; -0.0171 V          ; 0.273 V                             ; 0.065 V                             ; 4.95e-10 s                 ; 5.37e-10 s                 ; No                        ; Yes                       ;
; B[7]          ; 2.5 V        ; 0 s                 ; 0 s                 ; 2.62 V                       ; 4.66e-08 V                   ; 2.72 V              ; -0.0215 V           ; 0.161 V                              ; 0.061 V                              ; 4.44e-10 s                  ; 4.06e-10 s                  ; No                         ; Yes                        ; 2.62 V                      ; 4.66e-08 V                  ; 2.72 V             ; -0.0215 V          ; 0.161 V                             ; 0.061 V                             ; 4.44e-10 s                 ; 4.06e-10 s                 ; No                        ; Yes                       ;
; ~ALTERA_NCEO~ ; 2.5 V        ; 0 s                 ; 0 s                 ; 2.62 V                       ; 3.06e-08 V                   ; 2.86 V              ; -0.0341 V           ; 0.364 V                              ; 0.046 V                              ; 1.17e-10 s                  ; 2.6e-10 s                   ; No                         ; Yes                        ; 2.62 V                      ; 3.06e-08 V                  ; 2.86 V             ; -0.0341 V          ; 0.364 V                             ; 0.046 V                             ; 1.17e-10 s                 ; 2.6e-10 s                  ; No                        ; Yes                       ;
; ~ALTERA_DCLK~ ; 2.5 V        ; 0 s                 ; 0 s                 ; 2.62 V                       ; 3.81e-08 V                   ; 2.72 V              ; -0.0542 V           ; 0.144 V                              ; 0.087 V                              ; 2.55e-10 s                  ; 2.14e-10 s                  ; Yes                        ; Yes                        ; 2.62 V                      ; 3.81e-08 V                  ; 2.72 V             ; -0.0542 V          ; 0.144 V                             ; 0.087 V                             ; 2.55e-10 s                 ; 2.14e-10 s                 ; Yes                       ; Yes                       ;
+---------------+--------------+---------------------+---------------------+------------------------------+------------------------------+---------------------+---------------------+--------------------------------------+--------------------------------------+-----------------------------+-----------------------------+----------------------------+----------------------------+-----------------------------+-----------------------------+--------------------+--------------------+-------------------------------------+-------------------------------------+----------------------------+----------------------------+---------------------------+---------------------------+


-------------------
; Clock Transfers ;
-------------------
Nothing to report.


---------------
; Report TCCS ;
---------------
No dedicated SERDES Transmitter circuitry present in device or used in design


---------------
; Report RSKM ;
---------------
No non-DPA dedicated SERDES Receiver circuitry present in device or used in design


+------------------------------------------------+
; Unconstrained Paths                            ;
+---------------------------------+-------+------+
; Property                        ; Setup ; Hold ;
+---------------------------------+-------+------+
; Illegal Clocks                  ; 0     ; 0    ;
; Unconstrained Clocks            ; 0     ; 0    ;
; Unconstrained Input Ports       ; 18    ; 18   ;
; Unconstrained Input Port Paths  ; 48    ; 48   ;
; Unconstrained Output Ports      ; 16    ; 16   ;
; Unconstrained Output Port Paths ; 48    ; 48   ;
+---------------------------------+-------+------+


+------------------------------------+
; TimeQuest Timing Analyzer Messages ;
+------------------------------------+
Info: *******************************************************************
Info: Running Quartus II 64-Bit TimeQuest Timing Analyzer
    Info: Version 14.0.0 Build 200 06/17/2014 SJ Full Version
    Info: Processing started: Fri Apr 17 16:53:13 2015
Info: Command: quartus_sta BIDIR -c BIDIR
Info: qsta_default_script.tcl version: #1
Info (20030): Parallel compilation is enabled and will use 2 of the 2 processors detected
Info (21076): High junction temperature operating condition is not set. Assuming a default value of '85'.
Info (21076): Low junction temperature operating condition is not set. Assuming a default value of '0'.
Critical Warning (332012): Synopsys Design Constraints File file not found: 'BIDIR.sdc'. A Synopsys Design Constraints File is required by the TimeQuest Timing Analyzer to get proper timing constraints. Without it, the Compiler will not properly optimize the design.
Info (332142): No user constrained base clocks found in the design. Calling "derive_clocks -period 1.0"
Info (332096): The command derive_clocks did not find any clocks to derive.  No clocks were created or changed.
Warning (332068): No clocks defined in design.
Info (332143): No user constrained clock uncertainty found in the design. Calling "derive_clock_uncertainty"
Info (332154): The derive_clock_uncertainty command did not apply clock uncertainty to any clock-to-clock transfers.
Info: Found TIMEQUEST_REPORT_SCRIPT_INCLUDE_DEFAULT_ANALYSIS = ON
Info (332159): No clocks to report
Info: Analyzing Slow 1200mV 85C Model
Info (332140): No fmax paths to report
Info (332140): No Setup paths to report
Info (332140): No Hold paths to report
Info (332140): No Recovery paths to report
Info (332140): No Removal paths to report
Info (332140): No Minimum Pulse Width paths to report
Info: Analyzing Slow 1200mV 0C Model
Info (334003): Started post-fitting delay annotation
Info (334004): Delay annotation completed successfully
Info (332142): No user constrained base clocks found in the design. Calling "derive_clocks -period 1.0"
Info (332096): The command derive_clocks did not find any clocks to derive.  No clocks were created or changed.
Warning (332068): No clocks defined in design.
Info (332154): The derive_clock_uncertainty command did not apply clock uncertainty to any clock-to-clock transfers.
Info (332140): No fmax paths to report
Info (332140): No Setup paths to report
Info (332140): No Hold paths to report
Info (332140): No Recovery paths to report
Info (332140): No Removal paths to report
Info (332140): No Minimum Pulse Width paths to report
Info: Analyzing Fast 1200mV 0C Model
Info (332142): No user constrained base clocks found in the design. Calling "derive_clocks -period 1.0"
Info (332096): The command derive_clocks did not find any clocks to derive.  No clocks were created or changed.
Warning (332068): No clocks defined in design.
Info (332154): The derive_clock_uncertainty command did not apply clock uncertainty to any clock-to-clock transfers.
Info (332140): No Setup paths to report
Info (332140): No Hold paths to report
Info (332140): No Recovery paths to report
Info (332140): No Removal paths to report
Info (332140): No Minimum Pulse Width paths to report
Info (332102): Design is not fully constrained for setup requirements
Info (332102): Design is not fully constrained for hold requirements
Info: Quartus II 64-Bit TimeQuest Timing Analyzer was successful. 0 errors, 4 warnings
    Info: Peak virtual memory: 524 megabytes
    Info: Processing ended: Fri Apr 17 16:53:17 2015
    Info: Elapsed time: 00:00:04
    Info: Total CPU time (on all processors): 00:00:04


